command is l
Stockfish 310117 64 by T. Romstad, M. Costalba, J. Kiiski, G. Linscott
info depth 1 seldepth 1 multipv 1 score cp 90 nodes 53 nps 26500 tbhits 0 time 2 pv e2e4
info depth 2 seldepth 2 multipv 1 score cp 93 nodes 117 nps 58500 tbhits 0 time 2 pv e2e4 b7b6
info depth 3 seldepth 3 multipv 1 score cp 119 nodes 554 nps 277000 tbhits 0 time 2 pv d2d4 d7d6 e2e4
info depth 4 seldepth 4 multipv 1 score cp 42 nodes 2370 nps 790000 tbhits 0 time 3 pv d2d4 e7e6 e2e4 d7d5
info depth 5 seldepth 5 multipv 1 score cp 17 nodes 10401 nps 2600250 tbhits 0 time 4 pv d2d4 d7d5 b1d2 g8f6 e2e3
info depth 6 seldepth 6 multipv 1 score cp 16 nodes 14951 nps 2990200 tbhits 0 time 5 pv d2d4 d7d5 g1f3 c8f5 b1c3 e7e6
info depth 7 seldepth 7 multipv 1 score cp 18 nodes 22988 nps 3284000 tbhits 0 time 7 pv b1c3 d7d5 d2d4 c8f5 c1f4 e7e6 g1f3
info depth 8 seldepth 10 multipv 1 score cp 30 nodes 36529 nps 3652900 tbhits 0 time 10 pv e2e4 d7d5 e4d5 d8d5 d2d4 d5e6 d1e2 e6e2 g1e2 g8f6
info depth 9 seldepth 14 multipv 1 score cp 52 nodes 76144 nps 4230222 tbhits 0 time 18 pv e2e4 d7d5 e4d5 g8f6 d2d4 c7c6 b1c3 f6d5 c3d5
info depth 10 seldepth 14 multipv 1 score cp 32 nodes 157739 nps 4779969 tbhits 0 time 33 pv e2e4 e7e5 g1f3 b8c6 d2d4 e5d4 f3d4 d7d5 d4c6 b7c6
info depth 11 seldepth 14 multipv 1 score cp 34 nodes 207396 nps 5058439 tbhits 0 time 41 pv e2e4 e7e5 g1f3 b8c6 d2d4 e5d4 f3d4 d7d5 d4c6 b7c6 d1d4 d5e4
info depth 12 seldepth 18 multipv 1 score cp 33 nodes 529973 nps 6022420 tbhits 0 time 88 pv e2e4 e7e5 g1f3 b8c6 f1b5 g8e7 d2d4 c6d4 f3d4 e5d4 e1g1 a7a6 b5d3
info depth 13 seldepth 22 multipv 1 score cp 35 nodes 820522 nps 6617112 tbhits 0 time 124 pv e2e4 e7e5 g1f3 b8c6 f1b5 g8f6 d2d3 f8d6 b5a4 e8g8 e1g1 h7h6 c2c3 a7a6 a4c2
bestmove e2e4 ponder e7e5
info depth 1 seldepth 1 multipv 1 score cp 73 nodes 2743 nps 1371500 tbhits 0 time 2 pv e2a6 b4c3
info depth 2 seldepth 2 multipv 1 score cp 26 nodes 3765 nps 1882500 tbhits 0 time 2 pv e2a6 b4c3
info depth 3 seldepth 3 multipv 1 score cp -7 nodes 5760 nps 2880000 tbhits 0 time 2 pv e2a6 b4c3 d2c3
info depth 4 seldepth 4 multipv 1 score cp -29 nodes 8229 nps 4114500 tbhits 0 time 2 pv e2a6 b4c3 d2c3 e6d5
info depth 5 seldepth 6 multipv 1 score cp -67 nodes 16679 nps 5559666 tbhits 0 time 3 pv d5e6 a6e2 e6f7 e8d8 c3e2 e7e5
info depth 6 seldepth 7 multipv 1 score cp -84 nodes 25292 nps 6323000 tbhits 0 time 4 pv d5e6 a6e2 e6f7 e8d8 e1e2 e7e5 d2f4
info depth 7 seldepth 8 multipv 1 score cp -90 nodes 31206 nps 6241200 tbhits 0 time 5 pv d5e6 a6e2 e6f7 e8d8 e1e2 e7e5 d2f4 e5e7
info depth 8 seldepth 9 multipv 1 score cp -39 nodes 41722 nps 6953666 tbhits 0 time 6 pv e2a6 b4c3 d2c3 e6d5 e5g4 h3g2 f3g2 d5e4 g4f6 g7f6 c3f6 e7f6 g2e4 e8d8
info depth 9 seldepth 12 multipv 1 score cp -127 nodes 115205 nps 9600416 tbhits 0 time 12 pv e2a6 b4c3 d2c3 e6d5 e5g4 e7e4 f3e3 e4e3 g4e3 h3g2 e3g2 c7c5
info depth 10 seldepth 15 multipv 1 score cp -89 nodes 315584 nps 10180129 tbhits 0 time 31 pv e2a6 b4c3 d2c3 e6d5 e5g4 f6g4 c3g7 g4e5 f3g3 h8h4 g7e5
info depth 11 seldepth 18 multipv 1 score cp -94 nodes 829035 nps 10766688 tbhits 0 time 77 pv e2a6 h3g2 f3g2 b4c3 d2c3 e6d5 e5g4 e8f8 c3f6 g7f6 c2c3 a8e8 e1g1 d5e4
info depth 12 seldepth 22 multipv 1 score cp -116 nodes 1375414 nps 11273885 tbhits 0 time 122 pv e2a6 h3g2 f3g2 b4c3 d2c3 e6d5 e5g4 e8f8 g4e3 e7e4 c3f6 g7f6 g2e4 d5e4 e1c1 a8e8 c1b1 f8g7
info depth 13 seldepth 22 multipv 1 score cp -127 nodes 1526435 nps 11563901 tbhits 0 time 132 pv e2a6 b4c3 d2c3 h3g2 f3g2 e6d5 e5g4 e8f8 g4e3 e7e4 c3f6 g7f6 g2e4 d5e4 e1c1 a8b8
bestmove e2a6 ponder b4c3
info depth 1 seldepth 2 multipv 1 score cp 4 nodes 328 nps 164000 tbhits 0 time 2 pv b4f4 h4g3 f4f3 g3g2
info depth 2 seldepth 3 multipv 1 score cp 39 nodes 1005 nps 502500 tbhits 0 time 2 pv b4c4 h5h7
info depth 3 seldepth 5 multipv 1 score cp 12 nodes 1837 nps 918500 tbhits 0 time 2 pv b4f4 h4g3 f4f3 g3g2 f3c3
info depth 4 seldepth 6 multipv 1 score cp 26 nodes 3401 nps 1700500 tbhits 0 time 2 pv b4f4 h4g3 f4f7 h5c5 e2e4 g3g2
info depth 5 seldepth 6 multipv 1 score cp 26 nodes 4574 nps 2287000 tbhits 0 time 2 pv b4f4 h4g3 f4f7 h5c5 e2e4 g3g2
info depth 6 seldepth 9 multipv 1 score cp 8 nodes 10652 nps 3550666 tbhits 0 time 3 pv b4f4 h4g3 f4c4 h5h7 c4c3 g3g2 e2e4 h7e7
info depth 7 seldepth 9 multipv 1 score cp 10 nodes 26597 nps 8865666 tbhits 0 time 3 pv b4f4 h4g3 f4d4 g3g2 d4c4 h5c5 c4c5 d6c5
info depth 8 seldepth 12 multipv 1 score cp 30 nodes 60172 nps 12034400 tbhits 0 time 5 pv b4f4 h4g3 f4c4 h5c5 c4c5 d6c5 a5a6 c5c4 a6b7
info depth 9 seldepth 15 multipv 1 score cp 29 nodes 74851 nps 12475166 tbhits 0 time 6 pv b4f4 h4g3 f4c4 h5h7 a5a6 g3g2 a6b7 h7h5 b7c7 h5b5 c7d6
info depth 10 seldepth 16 multipv 1 score cp 46 nodes 116848 nps 14606000 tbhits 0 time 8 pv b4f4 h4g3 f4c4 h5h7 a5a6 g3g2 a6b7 h7h5 b7c7 h5b5 c7d6 g2g3 e2e4
info depth 11 seldepth 18 multipv 1 score cp 65 nodes 164629 nps 16462900 tbhits 0 time 10 pv b4f4 h4g3 f4c4 h5h7 a5a6 g3g2 c4c3 g2f2 e2e4 f2e2 a6b7 h7h5 b7c7 h5b5
info depth 12 seldepth 18 multipv 1 score cp 67 nodes 218324 nps 16794153 tbhits 0 time 13 pv b4f4 h4g3 f4c4 h5h7 c4c3 g3f2 e2e4 f2g2 a5a6 g2f2 a6b7 h7h5 b7c7 h5b5 c7d6
info depth 13 seldepth 21 multipv 1 score cp 78 nodes 332612 nps 17505894 tbhits 0 time 19 pv b4f4 h4g3 f4c4 h5h7 e2e4 g3f4 a5a6 h7g7 a6b7 g7g5 b7c7 g5b5 c7d6 b5b6 d6d5 b6b5 d5d4 b5b2
bestmove b4f4 ponder h4g3
info depth 1 seldepth 1 multipv 1 score cp 40 nodes 227487 nps 13381588 tbhits 0 time 17 pv f5d3
info depth 2 seldepth 3 multipv 1 score cp 40 nodes 228533 nps 13443117 tbhits 0 time 17 pv f5d3 f1f8 d6f8
info depth 3 seldepth 5 multipv 1 score cp 49 nodes 229560 nps 13503529 tbhits 0 time 17 pv f5d3 f1f8 d6f8 h6f8 g8f8 d4c5 d7c5
info depth 4 seldepth 6 multipv 1 score cp 49 nodes 230485 nps 13557941 tbhits 0 time 17 pv f5d3 f1f8 d6f8 h6f8 g8f8 d4c5
info depth 5 seldepth 7 multipv 1 score cp 49 nodes 231489 nps 13617000 tbhits 0 time 17 pv f5d3 f1f8 d6f8 h6f8 g8f8 d4c5 d7c5
info depth 6 seldepth 8 multipv 1 score cp 49 nodes 232641 nps 13684764 tbhits 0 time 17 pv f5d3 f1f8 d6f8 h6f8 g8f8 d4c5 d7c5 d2e3
info depth 7 seldepth 9 multipv 1 score cp 49 nodes 233925 nps 13760294 tbhits 0 time 17 pv f5d3 f1f8 d6f8 h6f8 g8f8 d4c5 d7c5 d2e3 b7b6
info depth 8 seldepth 10 multipv 1 score cp 39 nodes 237418 nps 13965764 tbhits 0 time 17 pv f5d3 f1f8 d6f8 h6h4 e5d4 e1e8 f8e8 c3d4 d3c4
info depth 9 seldepth 10 multipv 1 score cp 39 nodes 240337 nps 13352055 tbhits 0 time 18 pv f5d3 f1f8 d6f8 h6h4 e5d4 e1e8 f8e8 c3d4 d3c4 d4c5
info depth 10 seldepth 11 multipv 1 score cp 39 nodes 244029 nps 13557166 tbhits 0 time 18 pv f5d3 f1f8 d6f8 h6h4 e5d4 e1e8 f8e8 c3d4 d3c4 d4c5 c4d5
info depth 11 seldepth 15 multipv 1 score cp 39 nodes 258232 nps 13591157 tbhits 0 time 19 pv f5d3 f1f8 d6f8 h6h4 e5d4 e1e8 f8e8 c3d4 d3c4 d4c5 c4d5 h4d4 e8e5 d4e5 d7e5
info depth 12 seldepth 20 multipv 1 score cp 68 nodes 697136 nps 13669333 tbhits 0 time 51 pv f5d3 f1f8 e8f8 h6e3 d3c4 g3e4 d6d5 d4e5 d5e5 a2a4 e5f5 e3f2 f5d5 f2g3 f8e8 g3h4
info depth 13 seldepth 21 multipv 1 score cp 38 nodes 1077368 nps 13637569 tbhits 0 time 79 pv f5d3 f1f8 d6f8 h6h4 f8f7 d4d5 e5e4 d2g5 h7h5 h2h3 d3c4 g3e4 f7d5 g5e7
bestmove f5d3 ponder f1f8
info depth 1 seldepth 1 multipv 1 score cp 33 nodes 1205 nps 602500 tbhits 0 time 2 pv c2c3
info depth 2 seldepth 2 multipv 1 score cp 103 nodes 2313 nps 1156500 tbhits 0 time 2 pv d4c6 b7c6
info depth 3 seldepth 4 multipv 1 score cp 656 nodes 3361 nps 1680500 tbhits 0 time 2 pv d4c6 b7c6 d5e7 g8h8
info depth 4 seldepth 5 multipv 1 score cp 72 nodes 5863 nps 2931500 tbhits 0 time 2 pv d4c6 b7c6 d5e7 g8h8 e7c6 b8e8
info depth 5 seldepth 6 multipv 1 score cp 62 nodes 11330 nps 5665000 tbhits 0 time 2 pv d4c6 b7c6 d5e7 g8h8 e7c6 b8e8
info depth 6 seldepth 7 multipv 1 score cp 47 nodes 13646 nps 6823000 tbhits 0 time 2 pv d4c6 b7c6 d5e7 g8h8 c1b1 b8e8 h1e1
info depth 7 seldepth 8 multipv 1 score cp 6 nodes 22482 nps 7494000 tbhits 0 time 3 pv d4c6 b7c6 d5e7 g8h8 e4e5 d6e5 h1e1 b8b7 e1e5 e6a2
info depth 8 seldepth 9 multipv 1 score cp -7 nodes 43825 nps 8765000 tbhits 0 time 5 pv g5f6 e6d5 e4d5 b6d4 f6d4 c6d4 d2d4 f8e8
info depth 9 seldepth 10 multipv 1 score cp 6 nodes 70990 nps 10141428 tbhits 0 time 7 pv g5f6 b6d4 f6d4 e6d5 e4d5 c6d4 d2d4 f8e8 c1b1
info depth 10 seldepth 13 multipv 1 score cp 160 nodes 134238 nps 11186500 tbhits 0 time 12 pv d5f6 g8h8 d4e6 f7e6 f6d7 f8f2 d7b8 f2d2 c1d2 a8b8 g5e3
info depth 11 seldepth 16 multipv 1 score cp 200 nodes 169731 nps 12123642 tbhits 0 time 14 pv d5f6 g8h8 d4e6 f7e6 f6d7 b8c8 d7f8 c8f8 f2f3 h7h6 g5h4 h8g8 c1b1
info depth 12 seldepth 20 multipv 1 score cp 195 nodes 406299 nps 12312090 tbhits 0 time 33 pv d5f6 g8h8 d4e6 f7e6 f6d7 b8c8 d7f8 c8f8 f2f3 a7a5 g5e3 b6e3 d2e3 f8e8 f3f4 a5a4 c1b1 b7b5
info depth 13 seldepth 23 multipv 1 score cp 189 nodes 538692 nps 12527720 tbhits 0 time 43 pv d5f6 g8h8 d4e6 f7e6 f6d7 b8c8 d7f8 c8f8 f2f3 a7a5 g5e3 b6e3 d2e3 a5a4 c1b1 h7h6 a2a3
bestmove d5f6 ponder g8h8
info depth 1 seldepth 1 multipv 1 score cp 44 nodes 504 nps 504000 tbhits 0 time 1 pv a2a3
info depth 2 seldepth 2 multipv 1 score cp 52 nodes 1320 nps 1320000 tbhits 0 time 1 pv d3d4 e7g6
info depth 3 seldepth 3 multipv 1 score cp 8 nodes 2074 nps 2074000 tbhits 0 time 1 pv d3d4 e5d4 d1d4 e7c6
info depth 4 seldepth 4 multipv 1 score cp 39 nodes 3002 nps 3002000 tbhits 0 time 1 pv d3d4 e7g6 d4e5 g6e5
info depth 5 seldepth 5 multipv 1 score cp 25 nodes 4663 nps 4663000 tbhits 0 time 1 pv d3d4 e5d4 d1d4 c8d7 e4e5
info depth 6 seldepth 6 multipv 1 score cp 4 nodes 9880 nps 4940000 tbhits 0 time 2 pv d3d4 a8a5 h5e2 e5d4 d1d4 c8d7
info depth 7 seldepth 7 multipv 1 score cp -18 nodes 21674 nps 7224666 tbhits 0 time 3 pv d3d4 e5d4 d1d4 c8d7 h5d1 e7c6 d4d5
info depth 8 seldepth 8 multipv 1 score cp -24 nodes 51855 nps 10371000 tbhits 0 time 5 pv c3e2 h7h6 f1e1 c7c6 e2c3 c8d7 a2a3 d7e8
info depth 9 seldepth 11 multipv 1 score cp -42 nodes 327980 nps 10932666 tbhits 0 time 30 pv c3e2 e7c6 b3d5 d8f6 c2c3 c8e6 d3d4 e5d4 e2d4
info depth 10 seldepth 11 multipv 1 score cp -46 nodes 361079 nps 11283718 tbhits 0 time 32 pv c3e2 e7c6 d3d4 e5d4 e2d4 a8a5 d4c6 b7c6 h5f3 d8g5
info depth 11 seldepth 20 multipv 1 score cp -47 nodes 855668 nps 11563081 tbhits 0 time 74 pv h5g5 h7h6 g5h4 f4f3 g2f3 c8d7 d3d4 e5d4 d1d4 f8f6 h4h5 e7c6
info depth 12 seldepth 20 multipv 1 score cp -62 nodes 1372131 nps 11628228 tbhits 0 time 118 pv c3d5 e7d5 b3d5 f4f3 g2g3 c8d7 a2a3 c7c6 d5a2 h7h6 c2c3 d8f6 d3d4
info depth 13 seldepth 21 multipv 1 score cp -49 nodes 1613094 nps 11604992 tbhits 0 time 139 pv d3d4 e5d4 c3e2 e7c6 e2d4 d8f6 d4c6 b7c6 c2c3 c8e6 h5f3 e6b3 a2b3 a8a2
bestmove d3d4 ponder e5d4
info depth 1 seldepth 1 multipv 1 score cp -38 nodes 722 nps 722000 tbhits 0 time 1 pv b4b2
info depth 2 seldepth 2 multipv 1 score cp 17 nodes 1530 nps 1530000 tbhits 0 time 1 pv b4b2 d3d4
info depth 3 seldepth 3 multipv 1 score cp 56 nodes 2546 nps 2546000 tbhits 0 time 1 pv f6g4 e3d4 b4b2
info depth 4 seldepth 4 multipv 1 score cp -9 nodes 4097 nps 2048500 tbhits 0 time 2 pv f6g4 e3d2 h7h6 g1h1
info depth 5 seldepth 5 multipv 1 score cp -29 nodes 8970 nps 4485000 tbhits 0 time 2 pv b4b2 c3e2 e6g4 e3c5 g4f3
info depth 6 seldepth 7 multipv 1 score cp -31 nodes 21364 nps 7121333 tbhits 0 time 3 pv b4b2 e3d2 b2b6 g1h1 e6d7 a1e1 f6g4
info depth 7 seldepth 8 multipv 1 score cp -72 nodes 34574 nps 8643500 tbhits 0 time 4 pv b4b2 e3d2 b2b4 g1h1 b4f8 a1b1 f6g4
info depth 8 seldepth 9 multipv 1 score cp -79 nodes 53263 nps 10652600 tbhits 0 time 5 pv b4b2 e3d2 b2a3 h2h3 a3e7 a1b1 h7h6 b1b7
info depth 9 seldepth 10 multipv 1 score cp -73 nodes 63308 nps 10551333 tbhits 0 time 6 pv b4b2 e3d2 b2b6 g1h1 e6g4 a1b1 b6a7 h2h3 g4f3 f1f3
info depth 10 seldepth 13 multipv 1 score cp -48 nodes 96506 nps 10722888 tbhits 0 time 9 pv b4b2 e3d2 b2b6 g1h1 b6a5 f3d4 a5c5 d4e6 e8e6 a1b1 h7h6
info depth 11 seldepth 15 multipv 1 score cp -45 nodes 134940 nps 11245000 tbhits 0 time 12 pv b4b2 e3d2 b2b6 g1h1 e6g4 a1b1 b6a5 b1b7 g4c8 b7b3 c8g4 b3b1 g4f3 f1f3 a5c5
info depth 12 seldepth 16 multipv 1 score cp -47 nodes 402162 nps 11490342 tbhits 0 time 35 pv b4b2 e3d2 e6g4 a1b1 b2a3 b1b7 a8d8 h2h3 g4f3 f1f3 a3d6 f3f1 h7h6
info depth 13 seldepth 21 multipv 1 score cp -32 nodes 1338717 nps 11743131 tbhits 0 time 114 pv b4b2 e3d2 b2a3 d3d4 e6c4 f1e1 f6d7 a1b1 a8b8 b1a1 c6c5 d4d5 a3a5 a1b1
bestmove b4b2 ponder e3d2
info depth 1 seldepth 1 multipv 1 score cp 296 nodes 740 nps 740000 tbhits 0 time 1 pv f4c7
info depth 2 seldepth 2 multipv 1 score cp 291 nodes 2651 nps 2651000 tbhits 0 time 1 pv f4c7 b7b6
info depth 3 seldepth 3 multipv 1 score cp 250 nodes 4560 nps 4560000 tbhits 0 time 1 pv f4g3 c8e6 b5d4
info depth 4 seldepth 4 multipv 1 score cp 250 nodes 5567 nps 5567000 tbhits 0 time 1 pv f4g3 c8e6 b5d4 c6d4
info depth 5 seldepth 6 multipv 1 score cp 211 nodes 15630 nps 7815000 tbhits 0 time 2 pv f4d6 c8e6 d6c5 g8f6 c4d6 e8f8
info depth 6 seldepth 8 multipv 1 score cp 217 nodes 19370 nps 9685000 tbhits 0 time 2 pv f4g3 e8f8 b5d4 c6d4 g3d6 f8g7 d6e5 d8f6 e5d4
info depth 7 seldepth 9 multipv 1 score cp 235 nodes 27379 nps 9126333 tbhits 0 time 3 pv f4g3 e8f8 c1b1 f8g7 b5d4 c6d4 g3e5 d8f6
info depth 8 seldepth 9 multipv 1 score cp 215 nodes 71372 nps 11895333 tbhits 0 time 6 pv f4e5 c6e5 c4e5 c8e6 f1c4 d8f6 b5c7 e8f8 c4e6 f6e5
info depth 9 seldepth 13 multipv 1 score cp 213 nodes 133098 nps 13309800 tbhits 0 time 10 pv f4g3 e8f8 h2h4 g5h4 g3h4 c8e6 b5d4 c6d4 d1d4
info depth 10 seldepth 19 multipv 1 score cp 210 nodes 359897 nps 12853464 tbhits 0 time 28 pv f4g3 e8f8 h2h4 g5h4 g3h4 c8e6 b5d4 c6d4 d1d4 d8f6 d4f4 f8e7 a2a4 a8e8 c4d2 h7h5 f1c4 f6h4 h1h4
info depth 11 seldepth 20 multipv 1 score cp 198 nodes 545107 nps 13295292 tbhits 0 time 41 pv f4g3 e8f8 c4d6 c8e6 b5d4 e6a2 d4c6 b7c6 h2h4 g5h4 g3h4 a2d5 f2f3
info depth 12 seldepth 20 multipv 1 score cp 202 nodes 837149 nps 13080453 tbhits 0 time 64 pv f4g3 c8e6 b5d6 e8f8 d6b7 f8g7 h2h4 g5h4 b7d8 a8d8 h1h4 g8e7 c4d6 e6a2 d6e4
info depth 13 seldepth 20 multipv 1 score cp 208 nodes 2077803 nps 13067943 tbhits 0 time 159 pv f4g3 c8e6 c4d6 e8f8 d6b7 d8b6 a2a4 f8g7 a4a5 c6a5 b7a5 b6a5 b5d4 g8f6 d4e6 f7e6 f1c4
bestmove f4g3 ponder c8e6
info depth 1 seldepth 1 multipv 1 score cp 416 nodes 601 nps 601000 tbhits 0 time 1 pv b3c2
info depth 2 seldepth 2 multipv 1 score cp 100 nodes 1489 nps 1489000 tbhits 0 time 1 pv b3c2 h7h6
info depth 3 seldepth 3 multipv 1 score cp 188 nodes 2435 nps 2435000 tbhits 0 time 1 pv b3c2 h7h6 e3h6
info depth 4 seldepth 4 multipv 1 score cp 178 nodes 3328 nps 3328000 tbhits 0 time 1 pv b3c2 h7h6 e3h6 b7b6
info depth 5 seldepth 5 multipv 1 score cp 82 nodes 9759 nps 4879500 tbhits 0 time 2 pv a1e1 h7h6 b3c2 c8d7 c2d3
info depth 6 seldepth 6 multipv 1 score cp 70 nodes 12753 nps 6376500 tbhits 0 time 2 pv b3c2 h7h6 a1b1 f7f5 c2f5 e7f5
info depth 7 seldepth 7 multipv 1 score cp 65 nodes 21840 nps 7280000 tbhits 0 time 3 pv b3c2 g7g6 h5e5 e7c6 e5g3 c8d7 a1b1
info depth 8 seldepth 8 multipv 1 score cp 54 nodes 30026 nps 7506500 tbhits 0 time 4 pv a1e1 c8d7 b3c2 f7f5 c2f5 e7f5 f1f5 c7c6
info depth 9 seldepth 10 multipv 1 score cp 49 nodes 105769 nps 10576900 tbhits 0 time 10 pv a1e1 c7c6 b3c2 f7f5 e3g5 g7g6 h5h4 e6g5 h4g5
info depth 10 seldepth 14 multipv 1 score cp 65 nodes 352494 nps 11370774 tbhits 0 time 31 pv a1e1 f7f5 d2f3 f5f4 e3d2 d8e8 h5e8 f8e8 b3c2 g7g6 f3e5 e8f8 e5f3 g6g5
info depth 11 seldepth 20 multipv 1 score cp 72 nodes 452712 nps 11317800 tbhits 0 time 40 pv a1e1 f7f5 d2f3 g7g6 h5h4 f5f4 e3d2 e7f5 h4d8 f8d8 f3e5 g6g5
info depth 12 seldepth 20 multipv 1 score cp 67 nodes 868928 nps 11585706 tbhits 0 time 75 pv a1e1 f7f5 d2f3 d8e8 h5e8 f8e8 e3d2 a7a5 f3g5 a5a4 b3c2 a8a6
info depth 13 seldepth 20 multipv 1 score cp 66 nodes 1102073 nps 11600768 tbhits 0 time 95 pv a1e1 f7f5 d2f3 d8e8 h5e8 f8e8 f3g5 e6f8 e3d2 h7h6 b3d5 e7d5 e1e8 h6g5 d2g5
bestmove a1e1 ponder f7f5
info depth 1 seldepth 1 multipv 1 score cp 66 nodes 627 nps 627000 tbhits 0 time 1 pv a1e1
info depth 2 seldepth 2 multipv 1 score cp 50 nodes 1545 nps 1545000 tbhits 0 time 1 pv a1e1 h7h6
info depth 3 seldepth 3 multipv 1 score cp 118 nodes 2699 nps 2699000 tbhits 0 time 1 pv a1e1 g8f8 f4c4
info depth 4 seldepth 4 multipv 1 score cp 0 nodes 4700 nps 4700000 tbhits 0 time 1 pv e3g3 c7e5 f4g4 f6g4
info depth 5 seldepth 5 multipv 1 score cp 0 nodes 8028 nps 4014000 tbhits 0 time 2 pv e3g3 c7e5 f4g4 f6g4 g3g4
info depth 6 seldepth 6 multipv 1 score cp 34 nodes 12137 nps 6068500 tbhits 0 time 2 pv e3g3 c7e5 f4g4 f6g4 g3g4 g7g6
info depth 7 seldepth 8 multipv 1 score cp 53 nodes 22169 nps 7389666 tbhits 0 time 3 pv f4f6 g7f6 e3g3 c7d7 e5f6 h7h6 c2c3
info depth 8 seldepth 9 multipv 1 score cp 130 nodes 38874 nps 9718500 tbhits 0 time 4 pv f4f6 g7f6 e3h6 f6f5 h6g5 g8f8 h2h3 c7e5 h3g4 f5g4
info depth 9 seldepth 10 multipv 1 score cp 118 nodes 43278 nps 10819500 tbhits 0 time 4 pv f4f6 g7f6 e3h6 f6f5 h6g5 g8f8 h2h3 c7e5 h3g4 f5g4 g5h6 f8e7
info depth 10 seldepth 17 multipv 1 score cp 114 nodes 74343 nps 12390500 tbhits 0 time 6 pv f4f6 g7f6 e3h6 f6f5 h6g5 g8f8 h2h3 g4h3 g5h6 f8g8 h6h3 c7e5 d3f5
info depth 11 seldepth 17 multipv 1 score cp 99 nodes 80898 nps 11556857 tbhits 0 time 7 pv f4f6 g7f6 e3h6 f6f5 h6g5 g8f8 h2h3 g4h3 g5h6 f8g8 h6h3 c7e5 d3f5 f7f6 f5d7
info depth 12 seldepth 21 multipv 1 score cp 110 nodes 154496 nps 12874666 tbhits 0 time 12 pv f4f6 g7f6 e3h6 f6f5 h2h3 g4h3 h6h3 c7e5 d3f5 e5g7 a1f1 c6c5 f5d3 a7e7 h3f3
info depth 13 seldepth 23 multipv 1 score cp 68 nodes 415042 nps 13834733 tbhits 0 time 30 pv f4f6 g7f6 e3h6 f6f5 h2h3 e8e6 h6h4 c7e5 h3g4 e5e3 h4f2 f5g4 b3d4 g4g3 f2e3 e6e3 d4f5 e3e6 f5g3
bestmove f4f6 ponder g7f6
info depth 1 seldepth 1 multipv 1 score cp -32 nodes 638 nps 319000 tbhits 0 time 2 pv e5g4
info depth 2 seldepth 2 multipv 1 score cp -101 nodes 1379 nps 689500 tbhits 0 time 2 pv e5g4 g2g3
info depth 3 seldepth 3 multipv 1 score cp -121 nodes 2359 nps 1179500 tbhits 0 time 2 pv e5d7 e1g1 f8g7
info depth 4 seldepth 4 multipv 1 score cp -109 nodes 4417 nps 2208500 tbhits 0 time 2 pv a7a6 f4e5 c6e5 b5c7 c8c7
info depth 5 seldepth 5 multipv 1 score cp -141 nodes 9470 nps 4735000 tbhits 0 time 2 pv a7a6 f4e5 a6b5 e5d6 f8d6 c4b5
info depth 6 seldepth 6 multipv 1 score cp -156 nodes 15426 nps 5142000 tbhits 0 time 3 pv e5d7 e1g1 a7a6 f4f5 e6d5 e4d5
info depth 7 seldepth 8 multipv 1 score cp -141 nodes 21979 nps 7326333 tbhits 0 time 3 pv a7a6 f4e5 a6b5 d5f6 e8e7 e1g1 f8g7 c1g5 b5c4
info depth 8 seldepth 9 multipv 1 score cp -154 nodes 29267 nps 7316750 tbhits 0 time 4 pv a7a6 f4e5 a6b5 e1g1 e6d5 d1d5 c6e5 d5b5 c7c6
info depth 9 seldepth 12 multipv 1 score cp -142 nodes 65912 nps 9416000 tbhits 0 time 7 pv e5g4 e1g1 a7a6 b5d4 f8g7 d4e6 f7e6 e2g4 h5g4 d1g4
info depth 10 seldepth 17 multipv 1 score cp -146 nodes 104400 nps 10440000 tbhits 0 time 10 pv e5g4 e1g1 a7a6 b5d4 f8g7 d4c6 b7c6 f4f5 e6d7 f5g6 f7g6
info depth 11 seldepth 18 multipv 1 score cp -126 nodes 391690 nps 11869393 tbhits 0 time 33 pv e5d7 e1g1 a7a6 b5d4 e6d5 c4d5 c6d4 d1d4 d8f6 d4b4 c8b8 a2a3 f8g7
info depth 12 seldepth 21 multipv 1 score cp -113 nodes 1092545 nps 11380677 tbhits 0 time 96 pv e5d7 e1g1 a7a6 b5d4 c6d4 d1d4 h8h7 f4f5 g6f5 e4f5 e6d5 c4d5 d8f6 d4e3 f6e5
info depth 13 seldepth 23 multipv 1 score cp -99 nodes 1596948 nps 11656554 tbhits 0 time 137 pv e5g4 d1d3 f8g7 h2h3 g4f6 e1g1 e6d7 b5c3 e8f8 f4f5 g6f5 e4f5 f6d5 c3d5 g7d4 g1h1 a7a6
bestmove e5g4 ponder d1d3
info depth 1 seldepth 1 multipv 1 score cp 110 nodes 448 nps 448000 tbhits 0 time 1 pv a1c1
info depth 2 seldepth 2 multipv 1 score cp 83 nodes 1169 nps 1169000 tbhits 0 time 1 pv h2h3 c8d7
info depth 3 seldepth 3 multipv 1 score cp 73 nodes 2016 nps 2016000 tbhits 0 time 1 pv d1d3 c8d7 h2h3
info depth 4 seldepth 4 multipv 1 score cp 72 nodes 4381 nps 4381000 tbhits 0 time 1 pv a2a4 c8d7 d1d3 e7g6
info depth 5 seldepth 5 multipv 1 score cp 68 nodes 6164 nps 3082000 tbhits 0 time 2 pv a2a4 c8d7 d1d3 e7g6 g2g3
info depth 6 seldepth 6 multipv 1 score cp 49 nodes 16152 nps 8076000 tbhits 0 time 2 pv a2a4 c8d7 h2h3 f7f5 e4e5 b5a4
info depth 7 seldepth 7 multipv 1 score cp 63 nodes 20576 nps 6858666 tbhits 0 time 3 pv a2a4 b5a4 b3a4 f7f5 d1d3 f5e4 d3e4
info depth 8 seldepth 8 multipv 1 score cp 54 nodes 46330 nps 9266000 tbhits 0 time 5 pv a2a4 b5a4 a1a4 c8d7 a4a6 d7b5 a6a3 b5f1
info depth 9 seldepth 10 multipv 1 score cp 42 nodes 347384 nps 11205935 tbhits 0 time 31 pv a2a4 b5a4 a1a4 c8d7 a4a3 d7b5 b3c4 f7f5 e4f5
info depth 10 seldepth 11 multipv 1 score cp 43 nodes 355493 nps 11109156 tbhits 0 time 32 pv a2a4 c8d7 f1e1 c7c5 a4b5 a6b5 b3d5 e7d5 e3d5 d7e6
info depth 11 seldepth 14 multipv 1 score cp 45 nodes 394199 nps 11262828 tbhits 0 time 35 pv a2a4 c8d7 f1e1 c7c5 a4b5 a6b5 b3d5 e7d5 e3d5 d7e6 d1d2 c5c4 a1a5
info depth 12 seldepth 18 multipv 1 score cp 20 nodes 1413645 nps 11980042 tbhits 0 time 118 pv d1d3 c8b7 a2a4 c7c5 a4b5 a6b5 d4c5 a7c5 a1a8 d8a8 e3d5 e7d5 b3d5 f8e8
info depth 13 seldepth 22 multipv 1 score cp 14 nodes 1898694 nps 11941471 tbhits 0 time 159 pv a2a4 c8d7 f1e1 c7c5 h2h3 a7b6 a4b5 a6b5 a1a8 d8a8 e3d5 e7d5 b3d5 a8a5
bestmove a2a4 ponder c8d7
info depth 1 seldepth 1 multipv 1 score cp 44 nodes 558 nps 279000 tbhits 0 time 2 pv a3d6
info depth 2 seldepth 2 multipv 1 score cp 178 nodes 1136 nps 568000 tbhits 0 time 2 pv a3d6 d2f3 a4c4
info depth 3 seldepth 3 multipv 1 score cp 106 nodes 2234 nps 1117000 tbhits 0 time 2 pv c6c5 d4c5 a3c5
info depth 4 seldepth 4 multipv 1 score cp 94 nodes 4523 nps 2261500 tbhits 0 time 2 pv a3b4 d2f3 b4e1 e2e1 a6c4
info depth 5 seldepth 5 multipv 1 score cp 105 nodes 8076 nps 4038000 tbhits 0 time 2 pv c6c5 h2h3 a3b4 d2f3 b4e1 e2e1 a6c4 d4c5 b6c5
info depth 6 seldepth 7 multipv 1 score cp 119 nodes 11693 nps 3897666 tbhits 0 time 3 pv c6c5 f4f5 e6f5 e2d3 a3b4 d3f5 c5d4
info depth 7 seldepth 7 multipv 1 score cp 113 nodes 17059 nps 5686333 tbhits 0 time 3 pv c6c5 h2h3 a3b4 d2b3 b4e1 e2e1 a4c4
info depth 8 seldepth 9 multipv 1 score cp 138 nodes 56279 nps 9379833 tbhits 0 time 6 pv c6c5 e2d3 a3b4 a2a3 b4a3 f4f5 e6f5 f2f5
info depth 9 seldepth 10 multipv 1 score cp 136 nodes 71163 nps 10166142 tbhits 0 time 7 pv c6c5 e2d3 c5d4 e3d4 a3c5 d3b3 a4b3 d2b3 c5d4 b3d4
info depth 10 seldepth 17 multipv 1 score cp 138 nodes 124338 nps 11303454 tbhits 0 time 11 pv c6c5 e2d3 c5d4 e3d4 a3c5 d3b3 a4b3 d2b3 c5a3 f2f3 a6b7 f3h3 b7e4 b3d2 e4b1 h3a3
info depth 11 seldepth 21 multipv 1 score cp 146 nodes 529078 nps 12597095 tbhits 0 time 42 pv c6c5 f2f3 a3b4 d2b3 b4e1 e2e1 a6c4 d4c5 a4a2 f3f2 a2a3 b3d4 a3c5 b1a1
info depth 12 seldepth 21 multipv 1 score cp 136 nodes 828475 nps 12745769 tbhits 0 time 65 pv c6c5 f2f3 a4c2 f3g3 g7g6 e2d1 c2d1 b1d1 a3b2 e1f2 c5d4 e3d4 b2d4 g3a3
info depth 13 seldepth 21 multipv 1 score cp 126 nodes 950124 nps 12839513 tbhits 0 time 74 pv c6c5 f2f3 a4c2 f3g3 g7g6 e2d1 c2d1 b1d1 a3b4 a2a3 b4c3 d4c5 b6c5 e3e4 c3a5 f4f5
bestmove c6c5 ponder f2f3
info depth 1 seldepth 1 multipv 1 score cp 360 nodes 541 nps 541000 tbhits 0 time 1 pv a4b5
info depth 2 seldepth 2 multipv 1 score cp -75 nodes 1438 nps 1438000 tbhits 0 time 1 pv a4c2 h5g6
info depth 3 seldepth 3 multipv 1 score cp -68 nodes 2519 nps 2519000 tbhits 0 time 1 pv h1e1 e7f6 c1b1
info depth 4 seldepth 4 multipv 1 score cp -69 nodes 3217 nps 1608500 tbhits 0 time 2 pv h1e1 h5g6 c1b1 e7f6 e1h1
info depth 5 seldepth 5 multipv 1 score cp -69 nodes 5051 nps 2525500 tbhits 0 time 2 pv h1e1 h5g6 c1b1 e7f6 e1h1
info depth 6 seldepth 6 multipv 1 score cp -73 nodes 9564 nps 4782000 tbhits 0 time 2 pv h2h3 h5g6 c1b1 e7f6 h1e1 f8e8
info depth 7 seldepth 7 multipv 1 score cp -82 nodes 17013 nps 5671000 tbhits 0 time 3 pv c1b1 h5g6 d4e2 g6f5 h1e1 e7f6 a4b5
info depth 8 seldepth 9 multipv 1 score cp -56 nodes 33553 nps 8388250 tbhits 0 time 4 pv a4b5 h5g6 h2h4 h7h6 b5d5 g6h7 d5b5 a5a4
info depth 9 seldepth 10 multipv 1 score cp -63 nodes 42001 nps 8400200 tbhits 0 time 5 pv a4b5 h5g6 e3g5 e7g5 b5g5 a5a4 g5e3 h7h6 c1b1 a4a3
info depth 10 seldepth 14 multipv 1 score cp -36 nodes 119313 nps 10846636 tbhits 0 time 11 pv a4b5 h5g4 e3g5 e7g5 b5g5 f8e8 h2h3 g4e6 g5b5 h7h6 c1b1
info depth 11 seldepth 17 multipv 1 score cp -34 nodes 348081 nps 11602700 tbhits 0 time 30 pv a4b5 h5g6 b5b7 a8b8 b7c8 b8c8 c1c2 e7f6 h2h4 g6h5 d4b5 f8e8
info depth 12 seldepth 17 multipv 1 score cp -40 nodes 827309 nps 11818700 tbhits 0 time 70 pv a4b5 c8g4 h1g1 h5g6 h2h3 g4c8 e3g5 a8b8 b5d5 e7g5 d5g5 f7f5 g1e1
info depth 13 seldepth 22 multipv 1 score cp -31 nodes 1057256 nps 11879280 tbhits 0 time 89 pv a4b5 c8g4 h1g1 h5g6 h2h3 g4c8 d4e2 a5a4 e2f4 a4a3 b2b3 e7f6 f4d5 f6b2 c1b1 c8d8 b5b7 a8c8 d2b2 a3b2 b1b2
bestmove a4b5 ponder c8g4
info depth 1 seldepth 1 multipv 1 score cp 62 nodes 426 nps 426000 tbhits 0 time 1 pv e8e7
info depth 2 seldepth 2 multipv 1 score cp 65 nodes 943 nps 943000 tbhits 0 time 1 pv e8e7 h2h4
info depth 3 seldepth 3 multipv 1 score cp 65 nodes 1887 nps 1887000 tbhits 0 time 1 pv e8d7 b5b2 h8c8
info depth 4 seldepth 4 multipv 1 score cp 70 nodes 2668 nps 2668000 tbhits 0 time 1 pv e8d7 b5b2 h8c8 h2h4
info depth 5 seldepth 5 multipv 1 score cp 80 nodes 4527 nps 2263500 tbhits 0 time 2 pv e8e7 b5b2 h8c8 h2h4 e7f6
info depth 6 seldepth 6 multipv 1 score cp 95 nodes 6787 nps 3393500 tbhits 0 time 2 pv e8d7 b5b2 h8a8 h2h4 g7g6 g2g3
info depth 7 seldepth 7 multipv 1 score cp 75 nodes 23841 nps 7947000 tbhits 0 time 3 pv e8e7 g2g3 c3c2 b1b2 c2c4 h2h4 h8a8
info depth 8 seldepth 9 multipv 1 score cp 101 nodes 49847 nps 9969400 tbhits 0 time 5 pv e8d7 b5b2 h8a8 f3g5 c3a3 g5f7 a3a2 h2h3 a2b2
info depth 9 seldepth 10 multipv 1 score cp 93 nodes 56600 nps 11320000 tbhits 0 time 5 pv e8d7 b5b2 h8a8 f3e5 d7e7 e5f3 f7f6 g2g3 g7g5 g1g2
info depth 10 seldepth 14 multipv 1 score cp 99 nodes 161039 nps 12387615 tbhits 0 time 13 pv e8d7 g2g3 d7e7 b5b2 h8a8 f3d2 f7f6 g1g2 e7f7 e3e4
info depth 11 seldepth 14 multipv 1 score cp 102 nodes 170332 nps 12166571 tbhits 0 time 14 pv e8d7 g2g3 f7f6 b5b2 h8a8 h2h4 a8a4 f3d2 d7e7 h4h5 e7f7
info depth 12 seldepth 15 multipv 1 score cp 102 nodes 430489 nps 13452781 tbhits 0 time 32 pv e8d7 b5b2 h8a8 g2g3 c3a3 b1a1 a3c3 f3g5 h7h6 g5f3 f7f6 a2a4
info depth 13 seldepth 16 multipv 1 score cp 104 nodes 530844 nps 13611384 tbhits 0 time 39 pv e8d7 b5b2 h8a8 g2g3 f7f6 h2h4 g7g6 g1g2 h7h5 b1a1 a8a3 f3d2 a3a4 a1g1 c3a3
bestmove e8d7 ponder b5b2
info depth 1 seldepth 1 multipv 1 score cp 690 nodes 1015 nps 507500 tbhits 0 time 2 pv d8e7
info depth 2 seldepth 2 multipv 1 score cp 694 nodes 2162 nps 1081000 tbhits 0 time 2 pv b7d5 f4d5
info depth 3 seldepth 3 multipv 1 score cp 93 nodes 3876 nps 1938000 tbhits 0 time 2 pv d8e7 a1c1 e7c7
info depth 4 seldepth 6 multipv 1 score cp 154 nodes 5867 nps 2933500 tbhits 0 time 2 pv c5d5 d1d5 e6d5 c4b2
info depth 5 seldepth 7 multipv 1 score cp 128 nodes 10055 nps 3351666 tbhits 0 time 3 pv c5d5 c4b2 d5d1 a1d1 d8d1 b2d1 b7e4
info depth 6 seldepth 7 multipv 1 score cp 106 nodes 16285 nps 5428333 tbhits 0 time 3 pv d8e7 a1c1 b7d5 f4d3 c5c7 g2g3
info depth 7 seldepth 7 multipv 1 score cp 88 nodes 19799 nps 6599666 tbhits 0 time 3 pv c5d5 d1d5 b7d5 a1c1 d5e4 a4a5 g8g7
info depth 8 seldepth 8 multipv 1 score cp 89 nodes 21491 nps 7163666 tbhits 0 time 3 pv c5d5 d1d5 b7d5 a1c1 d5e4 c1f1 g8g7 a4a5
info depth 9 seldepth 10 multipv 1 score cp 118 nodes 36496 nps 9124000 tbhits 0 time 4 pv c5d5 d1d5 e6d5 c4b2 d5d4 a1d1 d4e3 d1d8 f6d8 f2e3
info depth 10 seldepth 17 multipv 1 score cp 85 nodes 92334 nps 11541750 tbhits 0 time 8 pv c5d5 d1d5 e6d5 c4b2 d5d4 a1d1 d4e3 d1d8 f6d8 f2e3 b7e4 f4d3 a7a5 d3c5 e4d5 b2c4 d5c4 b3c4
info depth 11 seldepth 22 multipv 1 score cp 89 nodes 155107 nps 12925583 tbhits 0 time 12 pv c5d5 d1d5 e6d5 c4b2 d5d4 a1d1 g6g5 f4h5 d4e3 f2e3 d8d1 b2d1 f6d8 d1f2 a7a5 f2d3
info depth 12 seldepth 22 multipv 1 score cp 123 nodes 192725 nps 13766071 tbhits 0 time 14 pv c5d5 d1d5 e6d5 c4b2 d5d4 a1d1 g6g5 f4d3 d8d5 f2f3 d4e3 b2c4 d5d4 g1h1 g8f8
info depth 13 seldepth 23 multipv 1 score cp 85 nodes 289014 nps 13762571 tbhits 0 time 21 pv c5d5 d1d5 e6d5 c4b2 d5d4 a1d1 g6g5 f4h5 d4e3 h5f6 d8f6 f2e3 b7g2 g1g2 f6b2 g2f3 b2f6 f3g4 f6e6 g4g5 e6e3 g5h4
bestmove c5d5 ponder d1d5
info depth 1 seldepth 1 multipv 1 score cp 54 nodes 205 nps 205000 tbhits 0 time 1 pv e4d6
info depth 2 seldepth 2 multipv 1 score cp 64 nodes 801 nps 801000 tbhits 0 time 1 pv e4f6 f3g3
info depth 3 seldepth 3 multipv 1 score cp 64 nodes 1402 nps 1402000 tbhits 0 time 1 pv e4d6 h4h5 d6f5
info depth 4 seldepth 4 multipv 1 score cp 40 nodes 2301 nps 2301000 tbhits 0 time 1 pv e4d6 f3f4 h6h5 f4g5
info depth 5 seldepth 6 multipv 1 score cp 43 nodes 3788 nps 3788000 tbhits 0 time 1 pv e4f6 f3f4 g8f8 f2f3 f6d5 f4e4
info depth 6 seldepth 7 multipv 1 score cp 41 nodes 6325 nps 3162500 tbhits 0 time 2 pv e4f6 c2c4 b5b4 f3e2 g8h8 e2d3
info depth 7 seldepth 9 multipv 1 score cp 25 nodes 14456 nps 7228000 tbhits 0 time 2 pv e4f6 f3f4 g8f8 f2f3 f8e8 d1f2 e8d7
info depth 8 seldepth 9 multipv 1 score cp 27 nodes 19350 nps 9675000 tbhits 0 time 2 pv e4f6 f3f4 g8f8 f2f3 f8e7 f4e5 f6d7 e5d5 h6h5
info depth 9 seldepth 11 multipv 1 score cp 18 nodes 58747 nps 14686750 tbhits 0 time 4 pv e4f6 f3f4 g8f8 f4e5 f8e7 f2f3 f6d7 e5d5 e7f6 h4h5
info depth 10 seldepth 15 multipv 1 score cp 0 nodes 81081 nps 16216200 tbhits 0 time 5 pv e4f6 f3f4 c5c4 b3c4 b5c4 c2c3 d4d3 f4e3 f6g4 e3f4 g4f6
info depth 11 seldepth 20 multipv 1 score cp 6 nodes 186281 nps 16934636 tbhits 0 time 11 pv e4f6 f3f4 g8f8 f4e5 f8e7 f2f3 e7d7 d1f2 d7c6 f2d3 f6d5 e5e4
info depth 12 seldepth 20 multipv 1 score cp -17 nodes 239585 nps 18429615 tbhits 0 time 13 pv e4f6 f3f4 g8f8 f2f3 f8e7 f4e5 e7d7 d1f2 d7c6 e5e6 c6c7 f2e4 f6e4 f3e4
info depth 13 seldepth 23 multipv 1 score cp 0 nodes 385096 nps 18337904 tbhits 0 time 21 pv e4d2 f3e2 d2e4 e2f3
bestmove e4d2 ponder f3e2
info depth 1 seldepth 1 multipv 1 score cp 112 nodes 112 nps 56000 tbhits 0 time 2 pv d3c3
info depth 2 seldepth 2 multipv 1 score cp 106 nodes 652 nps 326000 tbhits 0 time 2 pv c4c5 b6c5
info depth 3 seldepth 3 multipv 1 score cp 118 nodes 1259 nps 629500 tbhits 0 time 2 pv c4c5 b6c5 e3c4
info depth 4 seldepth 4 multipv 1 score cp 98 nodes 2182 nps 1091000 tbhits 0 time 2 pv d3c3 f7f8 c3b2 f8f7
info depth 5 seldepth 5 multipv 1 score cp 102 nodes 3571 nps 1785500 tbhits 0 time 2 pv d3e2 d8e7 e2f2 e7d8 f2f3
info depth 6 seldepth 6 multipv 1 score cp 97 nodes 6037 nps 3018500 tbhits 0 time 2 pv d3e2 f7g8 e3g4 g8f8 g4e3 f8f7
info depth 7 seldepth 7 multipv 1 score cp 98 nodes 13393 nps 6696500 tbhits 0 time 2 pv e3g2 f7g8 g2e1 g8f7 d3c2 f7e7 e1d3
info depth 8 seldepth 8 multipv 1 score cp 98 nodes 17647 nps 8823500 tbhits 0 time 2 pv e3g2 d8e7 g2e1 f7e8 e1f3 e8f8 d3c3 f8f7
info depth 9 seldepth 9 multipv 1 score cp 109 nodes 28586 nps 9528666 tbhits 0 time 3 pv c4c5 d6c5 d5d6 f7f8 d3c3 f8f7 c3b3 f7f8 d6d7
info depth 10 seldepth 12 multipv 1 score cp 166 nodes 43640 nps 10910000 tbhits 0 time 4 pv c4c5 b6c5 e3c4 f7e7 b5b6 e7d7 d3e3 d7e7 e3f3 e7d7
info depth 11 seldepth 13 multipv 1 score cp 184 nodes 61384 nps 15346000 tbhits 0 time 4 pv c4c5 b6c5 e3c4 f7e7 b5b6 e7d7 d3e2 d7c8 c4d6 c8b8 d6c4 b8b7 e2f3
info depth 12 seldepth 27 multipv 1 score cp 187 nodes 81847 nps 16369400 tbhits 0 time 5 pv c4c5 b6c5 e3c4 f7e7 d3e3 e7d7 b5b6 d7c8 c4d6 c8b8 d6c4 b8b7 c4a5 b7b6 a5c4 b6c7 a4a5 c7b7 d5d6 b7a6 d6d7
info depth 13 seldepth 27 multipv 1 score cp 171 nodes 119534 nps 17076285 tbhits 0 time 7 pv c4c5 b6c5 e3c4 f7e7 d3e3 e7d7 e3f3 d7e7 b5b6 e7d7 f3g4 d7e7 g4g3 e7d7 g3f3
bestmove c4c5 ponder b6c5
info depth 1 seldepth 1 multipv 1 score cp 164 nodes 202 nps 101000 tbhits 0 time 2 pv h6h7
info depth 2 seldepth 3 multipv 1 score cp 246 nodes 905 nps 452500 tbhits 0 time 2 pv h6h7 a2c2 c8d7
info depth 3 seldepth 4 multipv 1 score cp 246 nodes 1762 nps 881000 tbhits 0 time 2 pv h6h7 a2c2 c8d7 f3f4
info depth 4 seldepth 5 multipv 1 score cp 262 nodes 2573 nps 1286500 tbhits 0 time 2 pv h6h7 a2c2 c8d7 f3f4 h7h8q f4g5
info depth 5 seldepth 8 multipv 1 score cp 117 nodes 21775 nps 7258333 tbhits 0 time 3 pv g5h5 a2c2 c8d7 c2d2 d7e7 d2e2 e7f6
info depth 6 seldepth 9 multipv 1 score cp 162 nodes 25602 nps 8534000 tbhits 0 time 3 pv g5h5 a2e2 c8d7 e2d2 d7e6 d2e2 e6f5
info depth 7 seldepth 10 multipv 1 score cp 217 nodes 32440 nps 10813333 tbhits 0 time 3 pv g5h5 a2e2 c8d7 e2d2 d7e6 d2e2 e6f5 e2e8 h6h7
info depth 8 seldepth 11 multipv 1 score cp 203 nodes 36288 nps 12096000 tbhits 0 time 3 pv g5h5 a2e2 c8d7 e2d2 d7e6 d2e2 e6f5 e2e8 h6h7 e8f8 f5g6
info depth 9 seldepth 12 multipv 1 score cp 290 nodes 77289 nps 15457800 tbhits 0 time 5 pv g5h5 a2e2 c8d7 e2d2 d7e7 d2e2 e7f7 f3g4 h6h7 g4h5 h7h8q h5g4
info depth 10 seldepth 19 multipv 1 score cp 313 nodes 114448 nps 16349714 tbhits 0 time 7 pv g5h5 a2e2 c8d7 e2d2 d7e7 d2e2 e7f7 f3g4 h6h7 g4h5 h7h8q h5g4 h8g7 g4f3 f7f6 f5f4 g7a7
info depth 11 seldepth 20 multipv 1 score cp 316 nodes 199454 nps 19945400 tbhits 0 time 10 pv g5h5 a2e2 c8d7 f3g4 h6h7 g4h5 h7h8q h5g4 h8g8 g4f4 g8c4 e2e4 c4d5 f4g4 d5d1 g4g3 d1b3 g3g4 d7d6 g4f4
info depth 12 seldepth 25 multipv 1 score cp 331 nodes 335528 nps 19736941 tbhits 0 time 17 pv g5h5 a2e2 c8d7 f3g4 h6h7 g4h5 h7h8q h5g4 h8g7 g4f3 d7d6 f5f4 g7a7 e2e3 d6d5 f3g3
info depth 13 seldepth 25 multipv 1 score cp 334 nodes 366077 nps 20337611 tbhits 0 time 18 pv g5h5 a2e2 c8d7 f3g4 h6h7 g4h5 h7h8q h5g6 h8g8 g6f6 g8f8 f6g5 f8g7 g5f4 g7h6 f4g4 h6g6 g4f4 g6a6 e2e3 a6a7
bestmove g5h5 ponder a2e2
info depth 1 seldepth 1 multipv 1 score cp 37 nodes 357 nps 357000 tbhits 0 time 1 pv d1d7
info depth 2 seldepth 2 multipv 1 score cp 121 nodes 1454 nps 727000 tbhits 0 time 2 pv d1d8 h7g6
info depth 3 seldepth 3 multipv 1 score cp 127 nodes 2226 nps 1113000 tbhits 0 time 2 pv d1d8 h2h1 d8b6
info depth 4 seldepth 6 multipv 1 score cp 137 nodes 7645 nps 3822500 tbhits 0 time 2 pv d1d3 g7g6 d3d6 h2g2 d6e7 h7g8
info depth 5 seldepth 8 multipv 1 score cp 148 nodes 9337 nps 4668500 tbhits 0 time 2 pv d1d3 g7g6 d3d8 h2h1 d8b6 h4h3
info depth 6 seldepth 10 multipv 1 score cp 166 nodes 18165 nps 9082500 tbhits 0 time 2 pv d1d3 g7g6 d3d6 h7g7 d6b6 g7f7 b6d6
info depth 7 seldepth 10 multipv 1 score cp 166 nodes 23193 nps 7731000 tbhits 0 time 3 pv d1d3 g7g6 d3d6 h2h1 d6c7 h7h6 c7f4 h6h7 a4a5 b6a5
info depth 8 seldepth 16 multipv 1 score cp 165 nodes 78929 nps 15785800 tbhits 0 time 5 pv d1c2 h7h8 c2f5 h4h3 a4a5 b6a5 b4a5 h2h1 f5f4
info depth 9 seldepth 19 multipv 1 score cp 168 nodes 160266 nps 17807333 tbhits 0 time 9 pv d1c2 h7h8 c2c8 h8h7 c8f5 h7h6 f5e6 g7g6 e6b6 h2g2 b6d8 h4h3 d8h8 h6g5
info depth 10 seldepth 26 multipv 1 score cp 129 nodes 417797 nps 19895095 tbhits 0 time 21 pv d1c2 h7h6 c2c6 g7g6 c6b6 h2g2 b6d4 h4h3 d4h8 h6g5 h8e5 g5h6 e5f4 h6h5 f4e5 h5h6 e5h8 h6g5 h8d8 g5h5 a4a5 h3h2 d8h8 h5g5
info depth 11 seldepth 34 multipv 1 score cp 151 nodes 1172469 nps 20569631 tbhits 0 time 57 pv a4a5 b6a5 b4a5 h2h3 d1c2 h7h8 c2c6 h3f5 a5a6 f5e5 e2f1 e5a5 c6a8 h8h7
info depth 12 seldepth 34 multipv 1 score cp 152 nodes 1266807 nps 20767327 tbhits 0 time 61 pv a4a5 b6a5 b4a5 h2h3 d1c2 h7h8 c2c6 h3f5 a5a6 f5e5 e2d3 e5a5 c6a8 h8h7 a6a7 a5b5 d3e4 b5c4 e4e5
info depth 13 seldepth 34 multipv 1 score cp 190 nodes 1596426 nps 20467000 tbhits 0 time 78 pv a4a5 b6a5 b4a5 h2h3 d1c2 h7h8 c2c6 h3f5 a5a6 f5e5 e2f1 h8g8 c6a8 g8f7 a8b7 f7e6 a6a7 e5a1 f1g2
bestmove a4a5 ponder b6a5
info depth 1 seldepth 1 multipv 1 score cp -564 nodes 467 nps 467000 tbhits 0 time 1 pv e4e6 d7e6
info depth 2 seldepth 2 multipv 1 score cp -558 nodes 1236 nps 1236000 tbhits 0 time 1 pv e4e6 d7e6
info depth 3 seldepth 4 multipv 1 score cp -558 nodes 2188 nps 2188000 tbhits 0 time 1 pv e4e6 d7e6 f3g2
info depth 4 seldepth 4 multipv 1 score cp -512 nodes 3131 nps 3131000 tbhits 0 time 1 pv e4e6 d7e6 a2a4 h7h6 f3g2
info depth 5 seldepth 5 multipv 1 score cp -544 nodes 4773 nps 4773000 tbhits 0 time 1 pv e4e6 d7e6 a2a4 g7g6 f3g2
info depth 6 seldepth 7 multipv 1 score cp -593 nodes 10838 nps 5419000 tbhits 0 time 2 pv e4a8 e6g8 a8g8 h8g8 a2a4 d7d5 a4a5
info depth 7 seldepth 9 multipv 1 score cp -593 nodes 13373 nps 6686500 tbhits 0 time 2 pv e4a8 e6g8 a8g8 h8g8 a2a4 d7d5 a4a5 g8f7 f3g2
info depth 8 seldepth 16 multipv 1 score cp -605 nodes 35561 nps 11853666 tbhits 0 time 3 pv e4e6 d7e6 a2a4 h7h5 a4a5 h5h4 f3g2 e6e5
info depth 9 seldepth 16 multipv 1 score cp -552 nodes 38989 nps 12996333 tbhits 0 time 3 pv e4e6 d7e6 a2a4 g3g2 f3g2 h2c7 g2f3 h7h5 f3e3
info depth 10 seldepth 16 multipv 1 score cp -619 nodes 91748 nps 18349600 tbhits 0 time 5 pv e4e6 d7e6 a2a4 g3g2 f3g2 h2c7 g2h3 h8g8 h3g4 g8f7 g4g5
info depth 11 seldepth 19 multipv 1 score cp -294 nodes 110932 nps 18488666 tbhits 0 time 6 pv e4e6 d7e6 f3g2 h7h5 a2a4 h5h4 a4a5 h4h3 g2h3 h2g1 h3g3 h8g8 a5a6 g8f8 g3f4 f8e7 f4e5 g1a7
info depth 12 seldepth 22 multipv 1 score cp -358 nodes 130775 nps 18682142 tbhits 0 time 7 pv e4e6 d7e6 f3g2 h7h5 a2a4 h5h4 a4a5 h4h3 g2h3 h2g1 h3g3 h8g8 g3f3 g8f8 f3f4 f8e7 f4e4 g1a7 e4f4
info depth 13 seldepth 26 multipv 1 score cp -394 nodes 189183 nps 18918300 tbhits 0 time 10 pv e4e6 d7e6 f3g2 h7h5 a2a4 h5h4 a4a5 h4h3 g2h3 h2g1 h3g3 h8g8 a5a6 g8f8 g3f4 f8e7 f4e5 g1a7 e5f4 e7d7 f4e5 a7b8 e5d4 d7c6
bestmove e4e6 ponder d7e6
info depth 1 seldepth 1 multipv 1 score cp 10 nodes 108 nps 54000 tbhits 0 time 2 pv e5f5 c5d5
info depth 2 seldepth 2 multipv 1 score cp 10 nodes 524 nps 262000 tbhits 0 time 2 pv e5f5 c5d5
info depth 3 seldepth 3 multipv 1 score cp 78 nodes 967 nps 483500 tbhits 0 time 2 pv e5f5 c5d5 f5g5
info depth 4 seldepth 4 multipv 1 score cp 78 nodes 1683 nps 841500 tbhits 0 time 2 pv e5f5 c5d5 f5g5 d5e4
info depth 5 seldepth 6 multipv 1 score cp 79 nodes 3089 nps 1544500 tbhits 0 time 2 pv e5f4 c5d5 f4f5 c7c6 f5g5
info depth 6 seldepth 8 multipv 1 score cp 99 nodes 7507 nps 3753500 tbhits 0 time 2 pv e5f5 c5d5 f5f4 d5e6 f4g5 c7c6 g5h5
info depth 7 seldepth 8 multipv 1 score cp 100 nodes 10970 nps 5485000 tbhits 0 time 2 pv e5f5 c5d5 f5f4 d5e6 f4g5 e6e5 g5h5
info depth 8 seldepth 8 multipv 1 score cp 98 nodes 11982 nps 5991000 tbhits 0 time 2 pv e5f5 c5d5 f5f4 d5e6 f4g5 e6e5 g5h5 e5f4
info depth 9 seldepth 12 multipv 1 score cp 88 nodes 21055 nps 7018333 tbhits 0 time 3 pv e5f4 c5d5 f4f5 d5d6 f5e4 d6e6 e4d4 e6f5 d4c4
info depth 10 seldepth 17 multipv 1 score cp 102 nodes 45105 nps 11276250 tbhits 0 time 4 pv e5f4 c5d5 f4f5 c7c6 f5f4 d5e6 f4g5 e6e5 g5h5 e5e4 h5g5 e4d3 h4h5
info depth 11 seldepth 17 multipv 1 score cp 93 nodes 55991 nps 13997750 tbhits 0 time 4 pv e5f4 c5d5 f4f5 c7c6 f5f4 c6c5 f4f5 d5d6 f5g6 d6d5 g6h5 d5e4 h5g6 e4d3
info depth 12 seldepth 19 multipv 1 score cp 94 nodes 114873 nps 19145500 tbhits 0 time 6 pv e5f4 c5d6 f4f5 d6d5 f5f4 d5e6 f4g5 e6e5 g5h5 e5f5 h5h6 f5f6 h4h5 c7c6
info depth 13 seldepth 19 multipv 1 score cp 94 nodes 117994 nps 19665666 tbhits 0 time 6 pv e5f4 c5d6 f4f5 d6d5 f5f4 d5e6 f4g5 e6e5 g5h5 e5f5 h5h6 f5f6 h4h5 c7c6 h6h7 f6f7 h5h6 c6c5
bestmove e5f4 ponder c5d6
info depth 1 seldepth 1 multipv 1 score cp -3 nodes 53 nps 26500 tbhits 0 time 2 pv f2f3
info depth 2 seldepth 2 multipv 1 score cp -3 nodes 605 nps 302500 tbhits 0 time 2 pv c2d2 c4d4
info depth 3 seldepth 3 multipv 1 score cp -10 nodes 1164 nps 582000 tbhits 0 time 2 pv c2d2 c4d4 d2e1
info depth 4 seldepth 4 multipv 1 score cp -27 nodes 1917 nps 958500 tbhits 0 time 2 pv f2f3 b7b5 c2d2 c4d4
info depth 5 seldepth 5 multipv 1 score cp -22 nodes 2742 nps 1371000 tbhits 0 time 2 pv f2f3 c4d4 c2d2 b7b5 d2c2
info depth 6 seldepth 6 multipv 1 score cp -27 nodes 5848 nps 2924000 tbhits 0 time 2 pv g4g5 h6g5 f5f6 g7f6 h5h6 c4d4
info depth 7 seldepth 7 multipv 1 score cp -68 nodes 22325 nps 7441666 tbhits 0 time 3 pv c2c1 c4d5 g4g5 h6g5 f5f6 g7f6 h5h6
info depth 8 seldepth 8 multipv 1 score cp -69 nodes 34942 nps 8735500 tbhits 0 time 4 pv c2c1 c4d5 g4g5 f7f6 g5h6 g7h6 c1d1 d5e4
info depth 9 seldepth 12 multipv 1 score cp -59 nodes 76965 nps 15393000 tbhits 0 time 5 pv f5f6 g7f6 f2f4 c4d4 g4g5 f6g5 f4g5 h6g5 h5h6
info depth 10 seldepth 13 multipv 1 score cp -4 nodes 89508 nps 14918000 tbhits 0 time 6 pv f5f6 g7f6 f2f4 c4c5 g4g5 f6g5 f4g5 h6g5 h5h6 g5g4 h6h7
info depth 11 seldepth 17 multipv 1 score cp 264 nodes 124370 nps 17767142 tbhits 0 time 7 pv f5f6 g7f6 f2f4 c4d4 g4g5 f6g5 f4g5 d4e5 g5h6 e5f6 c2b3
info depth 12 seldepth 17 multipv 1 score cp 264 nodes 132564 nps 18937714 tbhits 0 time 7 pv f5f6 g7f6 f2f4 c4d4 g4g5 f6g5 f4g5 d4e5 g5h6 e5f6 c2b3 b7b5 b3c3 f6e7 h6h7 b5b4 c3b4
info depth 13 seldepth 21 multipv 1 score cp 378 nodes 156594 nps 19574250 tbhits 0 time 8 pv f5f6 g7f6 f2f4 c4d4 g4g5 f6g5 f4g5 d4e5 g5h6 e5f6 c2b3 b7b5 b3c3 b5b4 c3b4 f6g5 h6h7
bestmove f5f6 ponder g7f6
info depth 1 seldepth 1 multipv 1 score cp 39 nodes 81 nps 40500 tbhits 0 time 2 pv h3h1
info depth 2 seldepth 2 multipv 1 score cp 56 nodes 459 nps 229500 tbhits 0 time 2 pv h3h1 b7b5
info depth 3 seldepth 4 multipv 1 score cp 90 nodes 1292 nps 646000 tbhits 0 time 2 pv f4f5 e6f5 g3f4
info depth 4 seldepth 4 multipv 1 score cp 113 nodes 2229 nps 1114500 tbhits 0 time 2 pv f4f5 e6f5 g3f4 g7f7 f4f5
info depth 5 seldepth 5 multipv 1 score cp 112 nodes 3278 nps 1639000 tbhits 0 time 2 pv f4f5 e6f5 g3f4 g7f7 f4f5
info depth 6 seldepth 7 multipv 1 score cp 104 nodes 5730 nps 2865000 tbhits 0 time 2 pv f4f5 e6f5 g3f4 g7f8 f4f5 e7g7
info depth 7 seldepth 7 multipv 1 score cp 110 nodes 7349 nps 3674500 tbhits 0 time 2 pv f4f5 e6f5 g3f4 g7f7 f4f5 b7b6 f5g5
info depth 8 seldepth 9 multipv 1 score cp 120 nodes 17493 nps 5831000 tbhits 0 time 3 pv f4f5 g7f7 g3f4 e7e8 h3g3 e6f5 f4f5 e8h8
info depth 9 seldepth 10 multipv 1 score cp 128 nodes 36576 nps 9144000 tbhits 0 time 4 pv f4f5 e6f5 g3f4 g7f8 h3g3 f8f7 f4f5 e7e8 g3g5
info depth 10 seldepth 14 multipv 1 score cp 133 nodes 59780 nps 11956000 tbhits 0 time 5 pv f4f5 e6f5 g3f4 e7e6 h3g3 e6g6 g3g5 g6g5 f4g5 g7f7 g5f5 f7e7
info depth 11 seldepth 14 multipv 1 score cp 135 nodes 70014 nps 11669000 tbhits 0 time 6 pv f4f5 e6f5 g3f4 e7e6 h3g3 e6g6 g3g5 g6g5 f4g5 g7f7 g5f5 b7b6 f5g5
info depth 12 seldepth 18 multipv 1 score cp 104 nodes 151306 nps 15130600 tbhits 0 time 10 pv f4f5 e6f5 g3f4 e7e6 h3g3 e6g6 g3g5 g6g5 f4g5 f5f4 g5f4 g7g6 a3a4 b7b5 a4a5
info depth 13 seldepth 20 multipv 1 score cp 137 nodes 238070 nps 17005000 tbhits 0 time 14 pv f4f5 e6f5 g3f4 g7g6 h3g3 g6h6 g3g8 e7g7 g8g7 h6g7 f4f5 g7f7 f5g5 f7e6 g5h5
bestmove f4f5 ponder e6f5
info depth 1 seldepth 1 multipv 1 score cp 64 nodes 91 nps 45500 tbhits 0 time 2 pv d6e5
info depth 2 seldepth 2 multipv 1 score cp 71 nodes 463 nps 231500 tbhits 0 time 2 pv d6e5 f1e2
info depth 3 seldepth 3 multipv 1 score cp 73 nodes 1017 nps 508500 tbhits 0 time 2 pv d6e6 f1e2 e6e5
info depth 4 seldepth 5 multipv 1 score cp 81 nodes 3127 nps 1563500 tbhits 0 time 2 pv c6b7 f1g2 d6c6 g2h1
info depth 5 seldepth 5 multipv 1 score cp 47 nodes 4736 nps 2368000 tbhits 0 time 2 pv c6a8 f1e2 a8b7 e2f1 d6e6
info depth 6 seldepth 6 multipv 1 score cp 53 nodes 5538 nps 2769000 tbhits 0 time 2 pv c6a8 f1e2 a8b7 e2f1 d6c7 b4c5
info depth 7 seldepth 8 multipv 1 score cp 54 nodes 7072 nps 3536000 tbhits 0 time 2 pv c6b7 f1e2 d6c7 e2f1 d7d6 f1g2 c7c6
info depth 8 seldepth 10 multipv 1 score cp 76 nodes 12002 nps 4000666 tbhits 0 time 3 pv c6b7 f1g2 d6c6 g2f1 d7d6 f1e2 b7c8 e2d1
info depth 9 seldepth 10 multipv 1 score cp 70 nodes 13720 nps 4573333 tbhits 0 time 3 pv c6b7 f1g2 d6c6 g2f1 b7c8 f1e2 d7d6 e2d1 c8e6
info depth 10 seldepth 12 multipv 1 score cp 81 nodes 17270 nps 5756666 tbhits 0 time 3 pv c6b7 f1g2 d6c6 g2f1 b7c8 f1e2 d7d6 e2d1 c8d7 d1e2 d7e6
info depth 11 seldepth 15 multipv 1 score cp 93 nodes 24259 nps 8086333 tbhits 0 time 3 pv c6b7 f1e2 d6c6 e2f1 d7d6 f1e2 c6d7 e2d1 d7e6 d1e2 d6d5
info depth 12 seldepth 15 multipv 1 score cp 106 nodes 55175 nps 11035000 tbhits 0 time 5 pv c6b7 f1g2 d6c6 b4a3 d7d6 a3b2 d6d5 e4d5 c6c5 d5d6 c5d6 b2c1 b7c6 c1d1 d6e5
info depth 13 seldepth 19 multipv 1 score cp 110 nodes 74616 nps 12436000 tbhits 0 time 6 pv c6b7 f1g2 d6c6 b4a3 d7d6 g2f1 c6d7 a3b2 d7e6 b2c1 b7c6 c1d2 c6d7 f1e2 e6e5 e2f1
bestmove c6b7 ponder f1g2
info depth 1 seldepth 1 multipv 1 score cp 36 nodes 267 nps 267000 tbhits 0 time 1 pv a4a3 h7h6
info depth 2 seldepth 3 multipv 1 score cp 112 nodes 958 nps 958000 tbhits 0 time 1 pv a4a3 e6e7 f8e8
info depth 3 seldepth 4 multipv 1 score cp 158 nodes 1910 nps 1910000 tbhits 0 time 1 pv a4a3 h7f7 f8e8
info depth 4 seldepth 6 multipv 1 score cp 86 nodes 2808 nps 2808000 tbhits 0 time 1 pv a4a3 h7h8 f8g7 e6e7 a3a2
info depth 5 seldepth 8 multipv 1 score cp 22 nodes 8383 nps 4191500 tbhits 0 time 2 pv h4h3 e6e7 f8e8 h7h6 c4c3 h6h7
info depth 6 seldepth 9 multipv 1 score cp 24 nodes 14771 nps 7385500 tbhits 0 time 2 pv a4a3 h7a7 h4h3 a7a8 f8e7 a8a7 e7d6 a7a6 c4c6
info depth 7 seldepth 10 multipv 1 score cp 38 nodes 31630 nps 10543333 tbhits 0 time 3 pv h4h3 h7h6 a4a3 h6h3 a3a2 h3h8 f8e7 h8h7 e7d6
info depth 8 seldepth 10 multipv 1 score cp 3 nodes 37582 nps 12527333 tbhits 0 time 3 pv h4h3 h7h6 a4a3 h6h8 f8e7 h8h3 c4c5 f5e4 a3a2 h3a3
info depth 9 seldepth 16 multipv 1 score cp 0 nodes 72463 nps 14492600 tbhits 0 time 5 pv h6h5 h7h8 f8e7 h8h7 e7e8 h7h8 e8e7
info depth 10 seldepth 16 multipv 1 score cp 0 nodes 97701 nps 16283500 tbhits 0 time 6 pv h4h3 h7h6 a4a3 h6h8 f8e7 h8h7 e7e8 h7h3 c4a4 h3h8 e8e7 h8h7 e7e8 h7h8
info depth 11 seldepth 16 multipv 1 score cp 0 nodes 108840 nps 15548571 tbhits 0 time 7 pv h4h3 h7h6 a4a3 h6h8 f8e7 h8h7 e7e8 h7h3 c4a4 h3h8 e8e7 h8h7 e7e8 h7h8
info depth 12 seldepth 16 multipv 1 score cp 0 nodes 149926 nps 16658444 tbhits 0 time 9 pv h4h3 h7h6 a4a3 h6h8 f8e7 h8h7 e7e8 h7h3 c4a4 h3h8 e8e7 h8h7 e7e8 h7h8
info depth 13 seldepth 16 multipv 1 score cp 0 nodes 180307 nps 18030700 tbhits 0 time 10 pv h4h3 h7h6 a4a3 h6h8 f8e7 h8h7 e7e8 h7h3 c4a4 h3h8 e8e7 h8h7 e7e8 h7h8
bestmove h4h3 ponder h7h6
info depth 1 seldepth 2 multipv 1 score cp 220 nodes 490 nps 245000 tbhits 0 time 2 pv c5d3
info depth 2 seldepth 2 multipv 1 score cp 293 nodes 1284 nps 642000 tbhits 0 time 2 pv c5d3 a5a6
info depth 3 seldepth 3 multipv 1 score cp 207 nodes 2713 nps 1356500 tbhits 0 time 2 pv e1b1 b2d4 c5e6
info depth 4 seldepth 4 multipv 1 score cp 166 nodes 4043 nps 2021500 tbhits 0 time 2 pv e1b1 a5c5 b1b2 c5a5
info depth 5 seldepth 6 multipv 1 score cp 131 nodes 11129 nps 5564500 tbhits 0 time 2 pv e1e7 a5c5 a6a7 c5c1 g1h2 g8f8
info depth 6 seldepth 9 multipv 1 score cp 100 nodes 31925 nps 7981250 tbhits 0 time 4 pv e1e8 g8f7 e8c8 f7e7 c5d3 a5a1 g1h2 b2d4
info depth 7 seldepth 9 multipv 1 score cp 96 nodes 41725 nps 10431250 tbhits 0 time 4 pv e1e8 g8f7 e8c8 f7e7 c8c6 a5a2 c5d3 b2d4
info depth 8 seldepth 12 multipv 1 score cp 126 nodes 69037 nps 11506166 tbhits 0 time 6 pv e1e8 g8f7 e8b8 b2a3 b8b7 f7f6 b7b6 f6e5 c5e6 g7g6 e6c7
info depth 9 seldepth 16 multipv 1 score cp 125 nodes 228333 nps 16309500 tbhits 0 time 14 pv e1e8 g8f7 e8b8 b2f6 b8b7 f7g6 a6a7 f6d4 b7b6 g6h5 c5a6 a5a1 g1h2
info depth 10 seldepth 21 multipv 1 score cp 88 nodes 359735 nps 16351590 tbhits 0 time 22 pv c5d3 b2d4 e1e6 a5a1 g1h2 a1a3 e6d6 a3d3 a6a7 d4a7 d6d3
info depth 11 seldepth 22 multipv 1 score cp 140 nodes 520990 nps 17366333 tbhits 0 time 30 pv e1e6 g8f7 e6b6 b2f6 b6b7 f7g6 a6a7 f6d4 b7b6 g6f7 c5a6 a5a1 g1h2 d4f2
info depth 12 seldepth 22 multipv 1 score cp 130 nodes 914929 nps 17594788 tbhits 0 time 52 pv e1e4 a5a1 g1h2 a1a5 e4e6 b2f6 e6b6 a5a3 b6b8 g8h7 b8b4 a3a5 b4a4 a5a4 c5a4 f6d4
info depth 13 seldepth 25 multipv 1 score cp 143 nodes 1024025 nps 17655603 tbhits 0 time 58 pv e1e4 a5a1 g1h2 a1a5 e4a4 a5a4 c5a4 b2d4 a4c3 d4f2 c3b5 g8f7 a6a7 f2a7 b5a7 g7g5 a7b5 h6h5 h2g1
bestmove e1e4 ponder a5a1
info depth 1 seldepth 1 multipv 1 score cp 130 nodes 604 nps 604000 tbhits 0 time 1 pv c6c7
info depth 2 seldepth 2 multipv 1 score cp 218 nodes 1458 nps 1458000 tbhits 0 time 1 pv c6c7 f4f3 d5f3
info depth 3 seldepth 3 multipv 1 score cp 1477 nodes 2443 nps 2443000 tbhits 0 time 1 pv c6c7 f4f3 d5f3
info depth 4 seldepth 4 multipv 1 score cp 430 nodes 3554 nps 3554000 tbhits 0 time 1 pv c6c7 e7e8 c7b8q e8b8
info depth 5 seldepth 5 multipv 1 score cp 465 nodes 5263 nps 5263000 tbhits 0 time 1 pv c6c7 e7e8 c7b8q e8b8 c4e4
info depth 6 seldepth 8 multipv 1 score cp 93 nodes 24680 nps 8226666 tbhits 0 time 3 pv c4e4 h6g7 c6c7 e7c7 e4f5 f8e8 f5e6 c7e7
info depth 7 seldepth 10 multipv 1 score cp 66 nodes 49304 nps 12326000 tbhits 0 time 4 pv c4e4 h6g7 d1c3 f8e8 e4g6 e8d8 c3e4 d8c7
info depth 8 seldepth 10 multipv 1 score cp 74 nodes 56867 nps 11373400 tbhits 0 time 5 pv c4e4 h6g7 e4g6 f4g3 f2g3 e7f6 g6f6 g7f6 c6c7
info depth 9 seldepth 12 multipv 1 score cp 93 nodes 161820 nps 13485000 tbhits 0 time 12 pv c4e4 h6g7 d1c3 f8e8 e4f5 f4g3 f2g3 g7f8 c3e4
info depth 10 seldepth 13 multipv 1 score cp 92 nodes 173086 nps 13314307 tbhits 0 time 13 pv c4e4 f8g7 g3f4 h6f4 d1e3 e7g5 e3f5 g7f6 f5d6 g5g4 e4f3 g4f3 e2f3
info depth 11 seldepth 17 multipv 1 score cp 124 nodes 325671 nps 14803227 tbhits 0 time 22 pv c4e4 h6g7 e4f5 f8e8 d1c3 e8d8 c3e4 d8c7 e4g5 c7b6 g5e6 b8h8 c6c7
info depth 12 seldepth 24 multipv 1 score cp 169 nodes 968726 nps 15624612 tbhits 0 time 62 pv c4e4 f4g3 e4g6 h6g7 f2g3 e5e4 d3e4 e7f6 g6g4 f6e7 d1c3 f8e8 c3b5
info depth 13 seldepth 24 multipv 1 score cp 235 nodes 1734226 nps 15765690 tbhits 0 time 110 pv d5e6 e7c7 d1c3 f4f3 e2f3 f8g7 c3d5 b8f8 f3g2 c7a7 c4g4 g7h8 g4e2 a7c5 c6c7 c5c1 e2h5
bestmove d5e6 ponder e7c7
info depth 1 seldepth 1 multipv 1 score cp 149 nodes 329 nps 164500 tbhits 0 time 2 pv a5a6
info depth 2 seldepth 2 multipv 1 score cp 163 nodes 969 nps 484500 tbhits 0 time 2 pv a5a6 e7e6
info depth 3 seldepth 3 multipv 1 score cp 192 nodes 1888 nps 944000 tbhits 0 time 2 pv a5a6 b3b1 g1g2
info depth 4 seldepth 5 multipv 1 score cp 366 nodes 2706 nps 1353000 tbhits 0 time 2 pv a5a6 b3b1 g1g2 b1a1 a4a1 e5a1
info depth 5 seldepth 5 multipv 1 score cp 220 nodes 5148 nps 2574000 tbhits 0 time 2 pv a5a6 b3b8 g1g2 b8a8 a6a7
info depth 6 seldepth 6 multipv 1 score cp 256 nodes 6391 nps 3195500 tbhits 0 time 2 pv a5a6 b3b8 a6a7 b8a8 g1g2 g8g7
info depth 7 seldepth 7 multipv 1 score cp 223 nodes 8461 nps 4230500 tbhits 0 time 2 pv a5a6 b3b8 a6a7 b8a8 g1g2 e5g7 g2f3
info depth 8 seldepth 8 multipv 1 score cp 234 nodes 11323 nps 3774333 tbhits 0 time 3 pv a5a6 b3b8 g1g2 b8a8 a6a7 e7e6 d5e6 f7e6
info depth 9 seldepth 10 multipv 1 score cp 174 nodes 31738 nps 7934500 tbhits 0 time 4 pv a5a6 b3b8 g1g2 b8a8 f2f4 e5f6 g2f3 c5c4 a6a7 c4c3
info depth 10 seldepth 14 multipv 1 score cp 150 nodes 77412 nps 12902000 tbhits 0 time 6 pv a5a6 b3b8 g1f1 b8a8 f1e2 c5c4 d2e1 g8f8 a6a7 h7h5 h3h4 f8e8
info depth 11 seldepth 14 multipv 1 score cp 131 nodes 150234 nps 13657636 tbhits 0 time 11 pv a5a6 b3b8 g1f1 b8a8 a6a7 g8f8 f1e2 f8e8 e2d3 e8d7 d2c3 d7c7 c3e5
info depth 12 seldepth 18 multipv 1 score cp 108 nodes 409400 nps 16376000 tbhits 0 time 25 pv a5a6 b3b8 g1f1 b8a8 f1e2 g8f8 f2f4 e5g7 a6a7 f8e8 e2d3 e8d7
info depth 13 seldepth 18 multipv 1 score cp 95 nodes 591335 nps 16895285 tbhits 0 time 35 pv a5a6 b3b8 f2f4 e5f6 a6a7 b8a8 g3g4 g8f8 g4g5 f6g7 g1f2 f8e8 e3e4 e8d7
bestmove a5a6 ponder b3b8
info depth 1 seldepth 1 multipv 1 score cp -25 nodes 86 nps 86000 tbhits 0 time 1 pv b3a4 a2a3
info depth 2 seldepth 2 multipv 1 score cp 15 nodes 447 nps 447000 tbhits 0 time 1 pv b3a4 a2a3 a4a5
info depth 3 seldepth 3 multipv 1 score cp 15 nodes 943 nps 943000 tbhits 0 time 1 pv b3a4 a2a3 a4a5
info depth 4 seldepth 4 multipv 1 score cp 38 nodes 1531 nps 1531000 tbhits 0 time 1 pv b3a4 a2a3 a4a5 a3b4
info depth 5 seldepth 5 multipv 1 score cp 82 nodes 2939 nps 2939000 tbhits 0 time 1 pv b3a4 a2a3 a4a5 h3g4 a5a6
info depth 6 seldepth 6 multipv 1 score cp 115 nodes 5209 nps 5209000 tbhits 0 time 1 pv b3a4 h3g4 a4a5 a2a3 a5a6 g4f3
info depth 7 seldepth 7 multipv 1 score cp 109 nodes 7876 nps 7876000 tbhits 0 time 1 pv b3a4 h3g4 a4a5 g4e2 g1f2 e2a6 a3a4
info depth 8 seldepth 9 multipv 1 score cp 108 nodes 11827 nps 11827000 tbhits 0 time 1 pv b3a4 d7d5 a4a5 d5d4 a5a6 d4d3 h7g8 a2a3 a6a7
info depth 9 seldepth 11 multipv 1 score cp 95 nodes 27574 nps 13787000 tbhits 0 time 2 pv b3a4 d7d5 a4a5 d5d4 g1f2 d4d3 f2e3 h3f1 e3d2 a2a3
info depth 10 seldepth 15 multipv 1 score cp 136 nodes 38811 nps 12937000 tbhits 0 time 3 pv b3a4 d7d5 a4a5 d5d4 g1f2 d4d3 f2e3 a2b3 e3d2 h3g2 d2d3
info depth 11 seldepth 16 multipv 1 score cp 52 nodes 65308 nps 16327000 tbhits 0 time 4 pv b3a4 d7d5 a4a5 d5d4 g1f2 d4d3 f2e3 d3d2 e3d2 h3f1 d2e3 a2a3 h7g6 a3b4
info depth 12 seldepth 16 multipv 1 score cp 49 nodes 76842 nps 19210500 tbhits 0 time 4 pv b3a4 d7d5 a4a5 d5d4 g1f2 d4d3 f2e3 d3d2 e3d2 h3f1 d2e3 a2a3 h7g6 a3b4 g6f7 b4a5
info depth 13 seldepth 19 multipv 1 score cp 56 nodes 100229 nps 20045800 tbhits 0 time 5 pv b3a4 d7d5 g1f2 d5d4 a4a5 d4d3 f2e3 d3d2 e3d2 h3f1 d2e3 a2a3 h7g8 a3b4 g8d5 b4a5
bestmove b3a4 ponder d7d5
info depth 1 seldepth 1 multipv 1 score cp 111 nodes 80 nps 40000 tbhits 0 time 2 pv b1c2
info depth 2 seldepth 2 multipv 1 score cp 55 nodes 451 nps 225500 tbhits 0 time 2 pv b1c2 g4g3
info depth 3 seldepth 3 multipv 1 score cp 49 nodes 967 nps 483500 tbhits 0 time 2 pv b1c2 g4g3 d1c3 g3g2
info depth 4 seldepth 4 multipv 1 score cp 49 nodes 1571 nps 785500 tbhits 0 time 2 pv b1c2 g4g3 d1c3 g3g2
info depth 5 seldepth 7 multipv 1 score cp 41 nodes 3482 nps 1741000 tbhits 0 time 2 pv d1c3 g4g3 c3e2 f4f3 e2d4 f3f2 b1c1
info depth 6 seldepth 10 multipv 1 score cp 33 nodes 8796 nps 4398000 tbhits 0 time 2 pv b1c1 g4g3 c1d2 g3g2 d1c3 g2g1n
info depth 7 seldepth 10 multipv 1 score cp 70 nodes 11408 nps 5704000 tbhits 0 time 2 pv d1c3 f4f3 b1c2 g4g3 c2d3 g3g2 c3e2
info depth 8 seldepth 10 multipv 1 score cp 61 nodes 23676 nps 7892000 tbhits 0 time 3 pv b1c2 g4g3 c2d3 g3g2 d1c3 g2g1n c3d5 f4e5 d3c4 g1f3 a3a4
info depth 9 seldepth 10 multipv 1 score cp 81 nodes 28769 nps 9589666 tbhits 0 time 3 pv b1c2 g4g3 c2d3 g3g2 d1c3 f4g4 c3e2 g4f3 d3d2
info depth 10 seldepth 12 multipv 1 score cp 93 nodes 36976 nps 12325333 tbhits 0 time 3 pv b1c2 g4g3 c2d3 g3g2 d1c3 f4g4 c3e2 g4f3 d3d2 f3f2 a3a4
info depth 11 seldepth 15 multipv 1 score cp 150 nodes 69672 nps 13934400 tbhits 0 time 5 pv b1c2 g4g3 c2d3 g3g2 d1c3 g2g1n a3a4 g1f3 c3e2 f4e5 a4a5 e5d5 a5a6 f3e5 d3c3
info depth 12 seldepth 21 multipv 1 score cp 147 nodes 160127 nps 17791888 tbhits 0 time 9 pv b1c2 g4g3 c2d3 g3g2 d1c3 f4e5 c3e2 e5d6 d3c3 d6c6 a3a4 c6b6 c3c4 b6a5
info depth 13 seldepth 21 multipv 1 score cp 149 nodes 219879 nps 19989000 tbhits 0 time 11 pv b1c2 g4g3 c2d3 g3g2 d1c3 g2g1n d3c4 f4e5 c4c5 g1f3 a3a4 f3d2 c5b5 d2b3 b5b4 b3d4 c3b5
bestmove b1c2 ponder g4g3
info depth 1 seldepth 1 multipv 1 score cp 620 nodes 282 nps 141000 tbhits 0 time 2 pv c1e2
info depth 2 seldepth 2 multipv 1 score cp 594 nodes 1078 nps 539000 tbhits 0 time 2 pv f5d6 h1h2
info depth 3 seldepth 4 multipv 1 score cp 506 nodes 2295 nps 1147500 tbhits 0 time 2 pv c1a2 h1g2 d1e2
info depth 4 seldepth 4 multipv 1 score cp 554 nodes 3119 nps 1559500 tbhits 0 time 2 pv c1a2 h1g2 d1c2 g2f3
info depth 5 seldepth 5 multipv 1 score cp 607 nodes 5485 nps 2742500 tbhits 0 time 2 pv c1a2 h1g1 d1c2 g1g2 f5d6
info depth 6 seldepth 6 multipv 1 score cp 570 nodes 7515 nps 3757500 tbhits 0 time 2 pv c1a2 h1g2 d1c2 g2f3 f5d6 f3g4
info depth 7 seldepth 8 multipv 1 score cp 575 nodes 10486 nps 5243000 tbhits 0 time 2 pv c1a2 h1g2 d1c2 g2f3 f5d6 f3f4 a2c3
info depth 8 seldepth 9 multipv 1 score cp 606 nodes 24426 nps 8142000 tbhits 0 time 3 pv c1a2 h1g2 d1c2 g2f3 f5d6 f3f4 d6c4 f4e4
info depth 9 seldepth 14 multipv 1 score cp 604 nodes 52032 nps 13008000 tbhits 0 time 4 pv c1a2 h1g1 d1c2 g1f2 f5d4 f2e3 d4c6 e3f4 c2b3
info depth 10 seldepth 14 multipv 1 score cp 555 nodes 106262 nps 17710333 tbhits 0 time 6 pv c1a2 h1g2 d1e2 g2h2 e2d3 h2h3 d3c2 h3g4 f5d4 g4f4
info depth 11 seldepth 14 multipv 1 score cp 564 nodes 121852 nps 17407428 tbhits 0 time 7 pv c1a2 h1g2 d1e2 g2h3 e2f3 h3h2 f3g4 h2h1 g4g3 h1g1 f5d4
info depth 12 seldepth 19 multipv 1 score cp 570 nodes 177475 nps 19719444 tbhits 0 time 9 pv c1a2 h1h2 d1e2 h2g2 e2e3 g2h2 e3d3 h2h3 f5e3 h3g3 e3d5 g3g2 d3c4
info depth 13 seldepth 19 multipv 1 score cp 601 nodes 225461 nps 20496454 tbhits 0 time 11 pv c1a2 h1h2 d1e2 h2g2 e2e3 g2f1 f5e7 f1g1 e3e2 g1g2 e7f5 g2h3 e2f3 h3h2 f5e7 h2g1
bestmove c1a2 ponder h1h2
info depth 1 seldepth 1 multipv 1 score cp 1043 nodes 355 nps 355000 tbhits 0 time 1 pv e2f3
info depth 2 seldepth 2 multipv 1 score cp 1051 nodes 1225 nps 1225000 tbhits 0 time 1 pv e2f3 d7e8
info depth 3 seldepth 3 multipv 1 score cp 1047 nodes 2393 nps 2393000 tbhits 0 time 1 pv e2d3 d7e6 d3c4
info depth 4 seldepth 4 multipv 1 score cp 1047 nodes 3868 nps 1934000 tbhits 0 time 2 pv e2d3 d7e6 e3c5 e6d5
info depth 5 seldepth 5 multipv 1 score cp 1047 nodes 5373 nps 2686500 tbhits 0 time 2 pv e2d3 d7e6 c1b2 e6d5 b2h8
info depth 6 seldepth 6 multipv 1 score cp 1047 nodes 9817 nps 4908500 tbhits 0 time 2 pv e2d3 d7e6 f2e1 e6d6 d3c4 d6e5
info depth 7 seldepth 8 multipv 1 score cp 1051 nodes 17259 nps 8629500 tbhits 0 time 2 pv e2d3 d7e6 c1b2 e6d5 b2h8 d5e6 d3c4
info depth 8 seldepth 8 multipv 1 score cp 1051 nodes 24163 nps 12081500 tbhits 0 time 2 pv e2d3 d7e6 c1b2 e6d5 b2h8 d5e6 d3d4 e6f5
info depth 9 seldepth 10 multipv 1 score cp 1059 nodes 39180 nps 13060000 tbhits 0 time 3 pv e2d3 d7e6 d3e4 e6d6 f2g3 d6e6 g3e5 e6f7 e4f5 f7e7
info depth 10 seldepth 11 multipv 1 score cp 1059 nodes 57197 nps 14299250 tbhits 0 time 4 pv e2d3 d7e6 d3d4 e6f6 d4e4 f6e6 e3d4 e6d6 d4c5 d6e6 c5e3
info depth 11 seldepth 12 multipv 1 score cp 1059 nodes 78776 nps 15755200 tbhits 0 time 5 pv e2d3 d7e6 d3d4 e6f6 d4e4 f6e6 e3d4 e6d6 d4c5 d6e6 c5e3 e6d6
info depth 12 seldepth 13 multipv 1 score cp 1059 nodes 119346 nps 19891000 tbhits 0 time 6 pv e2d3 d7e6 d3d4 e6f6 d4e4 f6e6 e3d4 e6d6 d4c5 d6c6 c5e3 c6b5 e4d5
info depth 13 seldepth 15 multipv 1 score cp 1063 nodes 200964 nps 20096400 tbhits 0 time 10 pv e2d3 d7e6 d3d4 e6f6 d4e4 f6e6 e3d4 e6d6 d4c5 d6c6 c5e3 c6d7 e4d5 d7e7
bestmove e2d3 ponder d7e6
info depth 1 seldepth 1 multipv 1 score cp 238 nodes 343 nps 343000 tbhits 0 time 1 pv b6b7
info depth 2 seldepth 3 multipv 1 score cp 288 nodes 1051 nps 1051000 tbhits 0 time 1 pv b6b7 g5g1 c1c2
info depth 3 seldepth 5 multipv 1 score cp 988 nodes 1797 nps 1797000 tbhits 0 time 1 pv b6b7 g5g1 c1c2 g1g2 c2c3
info depth 4 seldepth 7 multipv 1 score cp 190 nodes 8965 nps 8965000 tbhits 0 time 1 pv e3f3 g5g1 c1d2 g1g2 d2e3 g2g5
info depth 5 seldepth 9 multipv 1 score cp 205 nodes 12474 nps 6237000 tbhits 0 time 2 pv e3e5 g5g8 e5f5 h2g3 b6b7
info depth 6 seldepth 9 multipv 1 score cp 156 nodes 23860 nps 11930000 tbhits 0 time 2 pv e3e5 g5g8 e5f5 g8b8 f5b5 h2g3 b6b7
info depth 7 seldepth 9 multipv 1 score cp 145 nodes 42122 nps 14040666 tbhits 0 time 3 pv e3b3 g5g1 c1b2 g1g8 b2a3 h2g2 b6b7 f5f4
info depth 8 seldepth 9 multipv 1 score cp 115 nodes 58746 nps 14686500 tbhits 0 time 4 pv e3b3 g5g8 b6b7 g8b8 c1b2 h2g2 b2a3 f5f4
info depth 9 seldepth 17 multipv 1 score cp 91 nodes 119285 nps 19880833 tbhits 0 time 6 pv b6b7 g5g8 c1d2 h2g2 e3e7 g2f3 d2d3 f3f4 d3d4
info depth 10 seldepth 17 multipv 1 score cp 112 nodes 160048 nps 20006000 tbhits 0 time 8 pv e3e5 g5g1 c1c2 g1g6 e5b5 f5f4 b6b7 g6g8 c2d3 h2g3 d3c4 g8b8 b5g5 g3f3
info depth 11 seldepth 17 multipv 1 score cp 116 nodes 210679 nps 21067900 tbhits 0 time 10 pv b6b7 g5g8 c1d2 h2g2 e3e7 g2f3 d2c3 g8d8 c3c4 f3g4 c4c5 g4f4 e7f7
info depth 12 seldepth 21 multipv 1 score cp 137 nodes 496511 nps 21587434 tbhits 0 time 23 pv e3e5 g5g6 e5b5 f5f4 b6b7 g6g8 c1d2 g8b8 d2e2 h2g3 b5g5 g3h4 g5g7 h4h5 e2f3 h5h6 g7c7
info depth 13 seldepth 23 multipv 1 score cp 111 nodes 716444 nps 21710424 tbhits 0 time 33 pv e3e5 g5g1 c1c2 g1g2 c2d3 g2g3 d3c4 g3g4 c4c5 f5f4 e5f5 h2g3 b6b7 g4g8 f5f7 f4f3 f7g7 g8g7 b7b8q g3g2
bestmove e3e5 ponder g5g1
info depth 1 seldepth 1 multipv 1 score cp 288 nodes 58 nps 58000 tbhits 0 time 1 pv b1c2
info depth 2 seldepth 3 multipv 1 score cp 948 nodes 590 nps 590000 tbhits 0 time 1 pv b1a1 a5b6 h7h8q
info depth 3 seldepth 3 multipv 1 score cp 945 nodes 1083 nps 1083000 tbhits 0 time 1 pv b1a1 a5b6 h7h8q
info depth 4 seldepth 4 multipv 1 score cp 956 nodes 2446 nps 2446000 tbhits 0 time 1 pv b1a1 b5b6 h7h8q b6c6 h8e5 a5b6
info depth 5 seldepth 6 multipv 1 score cp 955 nodes 3628 nps 3628000 tbhits 0 time 1 pv b1a1 c7c5 h7h8q a5b6 h8f6 b6b7 g4g7 b7b8
info depth 6 seldepth 6 multipv 1 score cp 142 nodes 8063 nps 8063000 tbhits 0 time 1 pv b1c2 b5h5 g4g7 a5b6 c2d3 b6c6
info depth 7 seldepth 7 multipv 1 score cp 137 nodes 10983 nps 5491500 tbhits 0 time 2 pv b1c2 b5h5 g4g7 a5b6 c2d3 h5h4 d3e3
info depth 8 seldepth 9 multipv 1 score cp 395 nodes 24641 nps 12320500 tbhits 0 time 2 pv b1c2 b5h5 g4g5 h5g5 h7h8q g5f5 h8g7 c7c5
info depth 9 seldepth 12 multipv 1 score cp 401 nodes 30426 nps 15213000 tbhits 0 time 2 pv b1c2 b5h5 g4g5 h5g5 h7h8q g5f5 c2d3 a5b6 d3e4
info depth 10 seldepth 15 multipv 1 score cp 408 nodes 85164 nps 17032800 tbhits 0 time 5 pv b1c2 b5h5 g4g5 h5g5 h7h8q a5b5 h8b8 b5c6 b8e8 c6b7 c2d3 g5g3 d3e4 g3g4 e4e5 g4g5 e5f6
info depth 11 seldepth 22 multipv 1 score cp 416 nodes 234330 nps 19527500 tbhits 0 time 12 pv b1c2 b5h5 g4g5 h5g5 h7h8q g5c5 c2d3 a5b6 h8f6 c5c6 f6d4 b6b5 d4d5 b5b6 d5b3 b6a7 b3a2 a7b6
info depth 12 seldepth 27 multipv 1 score cp 406 nodes 675183 nps 21780096 tbhits 0 time 31 pv b1c2 b5h5 g4g5 h5g5 h7h8q g5c5 c2d3 a5b6 h8f8 b6c6 f8f3 c6b6 f3e3 b6c6 e3e8 c6b6
info depth 13 seldepth 27 multipv 1 score cp 408 nodes 693840 nps 21682500 tbhits 0 time 32 pv b1c2 b5h5 g4g5 h5g5 h7h8q g5c5 c2d3 a5b6 h8f8 b6c6 f8f3 c6b6 f3e3 b6c6 e3e8 c6b7 d3d4 c5g5 e8e4 b7b6 e4e3 c7c5 d4c3
bestmove b1c2 ponder b5h5
info depth 1 seldepth 1 multipv 1 score cp 47 nodes 260 nps 260000 tbhits 0 time 1 pv h6g5
info depth 2 seldepth 2 multipv 1 score cp -29 nodes 735 nps 735000 tbhits 0 time 1 pv h6g5 d6d7
info depth 3 seldepth 4 multipv 1 score cp -74 nodes 1581 nps 1581000 tbhits 0 time 1 pv b4b3 d6d7 f1d2 b1c1
info depth 4 seldepth 6 multipv 1 score cp -326 nodes 2919 nps 2919000 tbhits 0 time 1 pv f1d2 b1c2 d2e4 d6d7 b4b3 c2d1
info depth 5 seldepth 7 multipv 1 score cp -7 nodes 4194 nps 4194000 tbhits 0 time 1 pv f1d2 b1c2 d2f3 d6d7 f3d4 c2d3 d4c6
info depth 6 seldepth 8 multipv 1 score cp -8 nodes 6318 nps 6318000 tbhits 0 time 1 pv f1d2 b1c2 d2f3 c2b3 f3e5 b3b4 h6g6
info depth 7 seldepth 10 multipv 1 score cp -551 nodes 16420 nps 8210000 tbhits 0 time 2 pv f1d2 b1a2 d2e4 d6d7 e4c3 b2c3 b4b3 a2b3
info depth 8 seldepth 17 multipv 1 score cp -774 nodes 110583 nps 22116600 tbhits 0 time 5 pv f1d2 b1a2 b4b3 a2a1 d2f3 d6d7 h6g5 d7d8q g5f4 d8b8 f4e3 b8b3 e3f4 b3f7 f4g4 f7c4 g4f5
info depth 9 seldepth 20 multipv 1 score cp -779 nodes 164512 nps 23501714 tbhits 0 time 7 pv f1d2 b1a2 b4b3 a2a1 h6g7 d6d7 d2e4 d7d8q e4f6 d8c7 g7f8 c7c6 f8e7 c6b7 f6d7 b7b3
info depth 10 seldepth 20 multipv 1 score cp -749 nodes 198176 nps 24772000 tbhits 0 time 8 pv f1d2 b1a2 b4b3 a2a1 h6g5 d6d7 g5f4 d7d8q f4e3 d8d5 e3e2 d5g5 e2d1 g5e5 d1c1
info depth 11 seldepth 20 multipv 1 score cp -749 nodes 213499 nps 26687375 tbhits 0 time 8 pv f1d2 b1a2 b4b3 a2a1 h6g5 d6d7 g5f4 d7d8q f4e3 d8d5 e3e2 d5g5 e2d1 g5e5 d1c1 e5b5 c1d1
info depth 12 seldepth 27 multipv 1 score cp -749 nodes 277285 nps 25207727 tbhits 0 time 11 pv f1d2 b1a2 b4b3 a2a1 h6g5 d6d7 g5f4 d7d8q f4e3 d8d5 e3e2 d5g5 e2d1 g5e5 d1c1 e5c3 c1d1 c3e3 d1c2 e3c5 c2d1 c5h5 d1c2
info depth 13 seldepth 27 multipv 1 score cp -749 nodes 289173 nps 26288454 tbhits 0 time 11 pv f1d2 b1a2 b4b3 a2a1 h6g5 d6d7 g5f4 d7d8q f4e3 d8d5 e3e2 d5g5 e2d1 g5e5 d1c1 e5c5 c1d1 c5c8 d1e2 c8h3 e2d1 h3d7 d1e2 d7g4 e2e3 g4e6 e3d3 e6f5 d3e2
bestmove f1d2 ponder b1a2
info depth 1 seldepth 1 multipv 1 score cp 104 nodes 537 nps 268500 tbhits 0 time 2 pv h1h2
info depth 2 seldepth 2 multipv 1 score cp 101 nodes 1462 nps 731000 tbhits 0 time 2 pv h1h2 g4f4 a7f7 f4e5
info depth 3 seldepth 4 multipv 1 score cp 92 nodes 2594 nps 1297000 tbhits 0 time 2 pv h1h2 c6d6 a7g7 g4f5
info depth 4 seldepth 6 multipv 1 score cp 100 nodes 5103 nps 2551500 tbhits 0 time 2 pv h1h2 c6d6 a7g7 g4f5 g7f7 f5e5
info depth 5 seldepth 7 multipv 1 score cp 95 nodes 10970 nps 5485000 tbhits 0 time 2 pv h1h2 c6d6 a7h7 g4f3 h7h3 f3e4 h2e2 e4d5
info depth 6 seldepth 8 multipv 1 score cp 94 nodes 21615 nps 7205000 tbhits 0 time 3 pv h1h2 c6d6 h2h7 d6d1 a1a2 d1d5 b2b3 d5d2 a2a3
info depth 7 seldepth 11 multipv 1 score cp 97 nodes 42354 nps 10588500 tbhits 0 time 4 pv h1h2 c6d6 a7a4 g4g3 h2h4 d6d1 a1a2 d1d5 a2a3
info depth 8 seldepth 12 multipv 1 score cp 93 nodes 67938 nps 13587600 tbhits 0 time 5 pv h1h2 c6d6 h2h1 d6d4 a7a6 g4f5 a6a5 f5e6
info depth 9 seldepth 15 multipv 1 score cp 96 nodes 157562 nps 15756200 tbhits 0 time 10 pv h1h2 c6d5 a7g7 g4f3 h2h3 f3f4 h3h4 f4e3 h4g4 d5d6 g4g3 e3d4 g7g5
info depth 10 seldepth 21 multipv 1 score cp 101 nodes 567925 nps 18320161 tbhits 0 time 31 pv h1h2 c6d5 h2h7 g4f3 h7d7 d5c4 a7c7 c4a4 a1b1 a4e4 b1c1 e4f4 c1c2 f4a4 b2b3 a4e4 c2c3
info depth 11 seldepth 21 multipv 1 score cp 101 nodes 608074 nps 18426484 tbhits 0 time 33 pv h1h2 c6d5 h2h7 g4f3 h7d7 d5c4 a7c7 c4a4 a1b1 f3g4 b1c1 a4f4 c1c2 f4e4 c2b3
info depth 12 seldepth 22 multipv 1 score cp 100 nodes 728402 nps 18210050 tbhits 0 time 40 pv h1h2 c6d5 h2h7 d5c4 h7h1 c4d4 a7a5 d4e4 h1g1 g4f3 g1g5 e4c2 a1a2 f3e4
info depth 13 seldepth 22 multipv 1 score cp 96 nodes 964008 nps 18538615 tbhits 0 time 52 pv h1h2 c6d5 h2h7 g4f4 a7a4 f4g5 a4h4 d5d3 h7h5 g5f6 h5a5 f6e7 h4h6 d3f1 a1a2 f1c4 b2b3 c4c2 a2a3
bestmove h1h2 ponder c6d5
info depth 0 score cp 0
bestmove (none)
info depth 0 score cp 0
bestmove (none)
info depth 0 score cp 0
bestmove (none)
info depth 0 score mate 0
bestmove (none)
info depth 0 score mate 0
bestmove (none)
